57 9844 1845 6240 6973 5330 2186 9912 3590 8465 2746 7157 733 4521 3326 6483 1270 8180 7221 6327 9097 2925 2808 5716 9014 2656 1031 7653 2804 8719 7520 4257 6307 6575 171 8655 4351 5002 4485 5316 6370 1071 9794 4200 7411 1584 3818 3095 9665 4010 7905 9970 3242 2948 5125 9005 4567 42
55 9498 8395 3536 7714 6816 2606 3709 2514 4484 595 1321 5414 2730 1179 6455 1605 5487 305 1997 7180 8218 7192 2039 3539 3402 4738 8366 5792 7923 5581 8559 4087 2413 4604 2558 3664 5721 588 7013 120 339 9013 743 3566 3562 6811 604 5545 458 3004 5176 8664 9658 9527 4835
58 636 7722 5814 8041 6630 8721 7644 9436 8095 561 1744 1123 9688 3913 5552 7339 8192 8252 6031 1868 7760 2197 6655 4696 2241 3834 5270 2174 2703 6106 7538 6706 9666 3885 8115 5110 2183 870 7903 8788 382 4580 7068 8423 8920 8312 359 1387 3758 2991 6501 5531 9128 4628 1688 5343 3005 4977
61 9634 51 1859 8267 3841 4771 521 267 8633 39 9510 6867 5121 1873 6197 7881 654 1313 5821 2899 6834 175 4949 6791 8442 4846 3172 1200 3843 747 756 89 1720 6935 4589 2422 7726 5453 9426 4375 1014 6373 1269 1899 3496 772 354 6273 5204 7399 8550 1672 1383 2251 9924 9894 8724 4156 1075 8377 7585
60 2044 7533 4397 3483 8191 2032 6529 4021 5032 5761 6139 157 7247 7579 4398 1341 6777 4728 7634 9855 5940 4472 2190 2088 6944 8140 4755 6136 4731 6360 8989 368 3927 3949 1393 1148 7967 5957 4084 8003 1189 6050 1084 3806 6226 200 6734 7240 9545 2370 4526 2347 9955 1213 8508 7675 9442 5406 3412 1205
62 9968 9702 6592 4349 2373 9903 5942 7938 2692 9905 4315 2322 5976 767 2077 4623 9560 4083 6382 8053 6568 7395 8222 281 3446 6016 1410 827 1933 750 6170 7673 2976 5901 4455 9111 3489 2366 9886 4116 9539 1193 5991 324 9106 9332 8959 6027 2982 1740 5818 6366 624 2053 7916 5178 9018 4242 3186 5524 547 122
59 2633 7904 4652 4756 8405 6516 7532 3030 5432 1566 3100 5775 5845 4332 2453 4412 9773 7544 352 1949 8807 5644 1423 8294 8641 6183 5912 4581 9024 5587 5823 8123 3721 460 663 4469 8299 5234 9831 1227 131 6372 8147 5026 1248 9056 8702 4418 8307 155 623 5184 4896 7198 2837 7802 7342 9048 5935
62 9387 1640 164 7423 8106 2287 6207 468 616 3592 7624 3576 9979 2594 7394 5399 691 8687 288 2420 938 2926 2444 3530 73 555 8543 9679 542 9429 2716 9446 8306 3427 6825 6914 2848 1361 2764 8851 4212 5535 8579 8091 8407 9148 8699 828 3429 62 8646 6001 2060 5175 4888 2316 8636 4537 7069 5508 5361 2137
55 8746 5410 4390 311 8287 940 2401 1006 3904 1267 2315 8770 3138 3249 2158 2237 9753 2263 5647 1495 5044 5258 2885 3729 5452 7820 6217 4597 8080 2446 3003 6667 8002 866 8029 1551 5788 2874 3011 2870 4754 7039 4784 6862 7211 8918 3363 3162 8554 1413 9997 6999 4879 4969 7363
65 5649 8049 5129 1327 991 920 2351 8230 7410 3191 8547 2845 5207 4239 9142 5917 4132 1040 3506 7849 8362 8474 7679 4 7114 2802 6203 6137 7346 2102 5078 2950 1760 8541 8321 3115 1585 6 6064 9441 5 8042 2961 4250 5741 4973 3433 6700 5730 536 3449 8112 1332 4002 5857 4071 6067 868 8401 9949 2358 3991 1487 4373 2993
59 8241 4817 4658 4428 7501 6375 2352 4096 4148 9632 9517 3895 8360 4266 9182 6195 8809 3057 5866 463 2601 985 890 5527 1623 6641 7602 8135 1287 7814 7601 5947 7208 4547 5734 8859 872 1697 5190 8677 8590 8741 1326 9874 477 8380 6389 8483 4713 8714 394 3839 7739 6343 7054 7975 8822 5608 9834
62 5312 819 2133 9638 7164 124 4074 3688 2211 5556 6471 8348 6193 5847 4947 4261 112 9074 3440 4144 4130 1462 1182 3797 7836 8797 2443 1837 6118 7136 8784 9264 3670 8382 2854 4193 3561 4671 3597 5465 1282 2289 5267 6210 9118 2188 193 1753 605 6779 2138 1706 7753 670 1218 7628 1787 859 9725 1054 8922 1367
58 3062 7304 2390 9232 5893 6775 1382 9706 9311 7570 4897 8627 3278 9444 9465 6851 8055 6794 7886 1220 7117 350 9260 4656 6937 7326 9160 8758 5150 7470 875 3655 219 9135 6902 7120 1463 8124 8473 1344 9144 7593 5781 4732 4730 4481 8782 2234 2974 9602 3359 1520 7467 5084 2626 9302 7824 3959
58 9041 6702 9800 1500 5473 2247 6081 1874 9529 8793 351 4053 2559 4748 857 3052 5790 9391 6717 7600 7511 6737 5283 1494 8477 3805 1918 3380 8341 3918 2524 7199 1701 143 1467 791 1506 5518 5621 1991 9750 2244 1721 6901 1108 5513 321 6470 1455 606 5758 358 8399 1917 4106 1948 7863 4552
60 2475 3690 5914 2463 9662 3253 9752 6199 8224 8111 4451 9824 657 5660 1272 7437 5771 9696 6725 9003 8696 9791 1001 761 9149 7356 9047 8754 3294 3911 4878 9294 6314 4006 1726 4271 1637 3335 2763 6490 7067 6250 7748 7587 7203 1286 3937 1773 2230 661 5085 9240 503 65 4778 915 3578 2849 4803 1998
57 9026 8937 4471 4177 6049 5879 4211 9335 5605 4153 6550 6693 7857 731 4460 5944 3032 8673 2011 7614 9288 9569 9070 6258 6799 2080 2312 7489 1038 6622 3099 9147 8196 3827 5972 5459 1601 4131 4909 3261 4819 2915 8837 4915 7720 3766 548 9751 8061 7382 1870 9023 8453 2273 6172 243 2555
61 4546 7082 8744 1533 9229 2995 1653 3684 634 9453 7775 3585 5448 8649 3673 7438 7113 3291 6962 3928 8263 1444 9405 6078 3351 7460 2268 7658 9984 8020 7761 2835 6929 7858 7022 401 5455 2149 9716 8034 9406 1069 689 2004 5363 5313 2156 5887 6950 8178 3810 9407 9080 9598 1569 2789 9910 9757 9648 6750 7980
67 6963 2459 2303 5172 7718 8210 2275 6863 5795 369 775 40 6336 5201 3288 1955 2189 809 3632 7665 3093 4551 6968 7659 1746 5394 8638 7420 9293 8584 7626 7169 9423 609 5968 6771 1100 6691 7790 1422 4790 6580 420 3283 357 440 6774 8516 6318 5007 982 6231 8311 9573 4615 9551 3728 1573 6180 6869 8768 7649 2756 1633 6354 6431 2240
58 9360 2350 141 8927 2527 7459 6487 4453 4852 3857 4823 3933 8945 6646 9238 7610 3037 7801 9300 5915 7697 600 658 1134 6748 1411 6808 7672 4263 6355 3595 1035 2441 1636 1167 978 4718 6776 7168 7392 1 3719 3342 5705 9065 7947 206 4080 4582 1281 2944 5682 3045 5772 0 8014 7716 644
63 4331 4022 8156 6456 2496 349 2179 8733 2415 3474 8455 693 8738 7422 5031 9709 5364 4871 1570 5244 4196 3816 3532 7042 6942 8643 7935 8616 6733 9531 3511 5397 4807 3282 236 195 9245 1211 2465 9774 7398 9661 3623 8587 4574 2337 2296 7274 454 7794 8640 3346 6558 3908 1863 1477 7290 8463 2219 6399 7535 7490 5372
61 4058 6420 7102 723 4120 2338 2200 9361 9672 7449 5640 933 5220 9339 1843 9077 2617 411 5782 6268 1953 3869 482 4026 442 1578 3741 6751 7669 3715 7364 8177 9085 8093 4443 5759 8969 5138 8101 3497 3189 3391 9993 7933 8009 2867 9943 6985 5223 7242 4483 3593 6272 8997 9172 1704 2298 1648 5475 4029 4003
53 939 8234 5620 573 873 4034 8846 9488 3490 5768 4507 8683 5547 6184 1343 1214 4606 862 1892 4533 2196 4864 6422 8182 2611 8412 4127 5403 9733 4571 7132 4486 7499 4500 6003 1830 9512 2235 6213 1777 4570 364 8355 1883 5241 2778 6008 2945 8965 5697 185 5685 4693
60 2154 103 3239 9418 6346 5479 2929 5225 6214 1273 876 7400 727 5521 3147 4868 198 681 2644 4923 1461 9521 3912 812 5413 5833 3420 1834 6987 4594 9535 2844 1010 3153 3689 6187 1399 3907 9306 8510 9724 8320 3462 7385 8650 5173 1497 1527 9253 9703 4752 7889 7191 3076 7525 5653 813 7273 1066 3978
62 8383 2145 4355 901 3108 9354 7355 7541 4458 5570 3224 7827 2501 7255 5777 8978 259 9593 1574 5056 1310 3565 2897 8764 2783 6938 1112 8582 8528 1801 9982 4635 286 7856 8322 8565 416 660 1146 3393 4779 9822 1814 6583 9776 8849 7953 3075 8251 6601 9673 6381 4815 2213 3035 1865 4202 6211 6428 5579 8824 6107
64 3114 6328 3385 7264 4676 7056 5104 9719 739 3044 8071 3940 1468 6837 8573 5586 3541 8961 5975 528 4255 8843 1127 9677 9383 6786 903 119 2468 4477 4683 9019 7850 5489 2026 836 8639 7735 262 9355 5021 4048 2831 6347 4611 2308 6885 4938 9174 2009 6379 1042 6714 4306 5014 858 7575 2488 5588 7736 9621 4629 4725 6384
60 6882 7842 27 9204 4353 192 3166 9221 5350 3682 5684 3580 22 1347 2838 2645 1586 8796 543 2472 5714 7695 2345 2464 8454 6425 9589 5987 4396 1438 4992 478 3086 2543 32 4782 2650 4813 5627 6853 7344 1394 3074 8319 9392 8882 4902 5073 3498 7543 2090 5613 176 1437 5899 2409 5631 1659 1778 8402
56 1717 1078 58 9031 3220 2161 7176 2722 8751 9485 2614 1097 6482 4198 3023 6517 330 4682 7276 7178 4361 7909 4927 7580 6707 4588 9192 5139 5694 2001 5114 1498 3800 9342 4299 4092 2256 1603 6388 6189 4262 9278 1555 8179 7926 5825 6433 3487 5941 1763 8924 6476 2970 3141 8340 2935
62 4461 9353 3711 8173 3120 8143 7229 1384 8856 3916 8826 7545 6967 6448 9384 6831 5040 5733 3397 5236 1353 7763 3194 7361 1414 6330 9305 9290 2568 7310 3328 3988 4302 8901 2058 4141 4605 797 8980 1470 2852 7244 2556 3067 2089 3697 4710 9234 9647 8647 9357 2270 2065 1018 5344 137 2816 9804 6377 5578 7997 9408
59 5567 849 5719 8752 2819 7141 741 2813 475 2655 3882 1008 5310 5458 5169 9059 50 7705 2700 7030 6479 8599 9162 8480 448 253 6644 429 7526 8125 8619 7989 12 6874 5779 6626 6712 7929 5615 3574 7379 3098 393 8974 6656 7325 3508 3898 5865 6225 2467 323 202 9028 9561 1547 4805 2171 8686
59 6728 9576 2817 8606 1904 3058 6883 7578 9710 6460 5904 8275 506 8193 9195 113 7678 3435 2455 7357 2841 4612 3280 524 4910 5860 43 1576 2840 1923 5839 2014 6169 4067 8303 3421 3317 7060 975 5831 8505 4829 9971 4408 7369 7451 6297 5083 2667 969 1161 9276 5582 8081 745 8833 9217 6450 7792
57 6387 5282 1925 7995 2203 7876 3807 4093 6222 7835 3897 8799 4639 9329 4066 8548 3873 8679 5554 611 3886 2311 2048 2610 5099 8429 8164 1723 4772 2087 7721 1234 9911 7248 6806 5540 6175 5622 3787 2672 4514 4664 6857 1315 2779 4035 173 725 990 9399 4204 1037 8575 6171 3299 8289 1481
57 9373 4052 9892 8046 3825 1665 3475 7144 6206 3951 387 4859 8004 1591 2078 3703 6058 9929 4626 5168 6410 5293 3084 9926 6832 6167 9439 3243 765 332 8509 5212 5305 7052 6756 6089 8513 9366 1856 8397 6082 1818 4630 101 7143 2664 4265 4545 5306 4123 5425 2628 4935 1733 2826 9643 7036
61 7170 7625 8419 1722 1026 7952 3925 5386 9790 2697 5913 6191 9368 6164 5476 1340 1769 5100 5365 1409 8873 307 2576 2380 9829 7209 8050 6653 4861 4377 6009 9159 1094 1768 1742 7075 9717 3068 4916 5538 2083 2000 1464 7928 6047 1163 1695 9928 3460 4496 8703 8113 1404 8025 7031 5131 9210 92 5461 3470 7443
59 8760 3650 293 4164 1466 2295 8940 9482 5221 4826 9113 5284 5216 7757 5669 5853 3163 9606 9119 7805 7617 7452 7480 2575 8610 1678 9722 6664 6870 6959 1921 7384 1352 680 7529 4642 4717 6506 6351 140 8580 793 1465 6144 988 213 4735 6408 9697 9618 8436 6589 6324 6652 6030 9568 1762 4033 3570
56 7097 8485 9084 3202 264 407 4632 2660 8199 2612 5238 888 5993 4692 6618 9201 7809 1230 4356 9967 4310 656 9646 8958 3178 5215 4995 4291 4077 8481 9548 127 2797 4750 5960 6695 2585 377 7259 9371 5666 7765 3416 2120 9608 1488 9057 5111 8040 4689 6836 6224 2098 91 1180 8369
61 437 1279 2017 7853 1144 3201 9670 7085 9213 3815 4794 3322 5205 5832 5780 4764 3844 3801 3969 5251 710 1654 6561 9820 5890 2267 60 6162 3661 88 4599 8 2166 5485 9920 8552 3315 5235 7664 2578 4199 4347 3948 1793 7266 5992 6305 2696 9215 1027 799 1436 7793 8860 9652 7047 754 9704 9816 2691 21
57 6429 98 5109 5510 3215 2842 1531 9208 7374 7661 3734 6991 6758 1761 698 5142 4737 5451 2127 1924 8328 953 2806 3316 7205 1743 3983 4668 3747 6940 1365 6246 218 5830 6563 896 8800 9412 6889 1964 5371 8931 1116 4162 3272 697 7372 6416 2680 9389 1731 7870 869 4561 9935 8435 7519
56 7848 9823 1307 7651 1204 3996 1442 8815 3558 7982 5973 3900 4932 2967 5067 8479 8713 7329 3778 3457 4175 5560 3779 6954 4334 7800 6980 7160 4885 1960 5492 2500 9825 3759 4646 7830 7623 4292 497 7503 3544 3246 6716 4502 854 1249 1847 6188 3473 8894 716 53 7560 6597 268 9760
63 4894 1020 4762 2299 9438 3984 7319 4269 9415 5041 8938 5033 9358 6522 4593 472 6072 9053 6764 6220 9417 5268 4701 7163 8202 3831 2054 6230 4215 7365 3410 6982 7246 4403 4723 8298 9434 2168 665 949 7688 9136 3425 3785 9642 5347 1149 1041 9718 6567 3338 3292 5785 9650 8911 5037 1540 7888 8827 6103 1525 409 3423
62 4556 9684 534 5756 7466 5089 1885 1789 5122 312 7608 3379 8374 3528 1486 1430 4644 678 9727 8900 4609 8617 8269 4328 9203 1800 4345 5095 2246 4724 6548 8909 7185 6124 1509 4158 5424 4097 5646 3505 28 3693 391 4491 3499 1657 298 2264 5162 9112 5505 6670 8385 2130 8569 8352 2157 4400 1676 7910 7393 2582
51 2428 4091 3348 5735 347 3849 7979 9324 5903 3755 2855 8012 180 6449 5852 9017 7747 7840 1860 5092 2618 2675 4426 23 4578 2128 1305 6723 4190 3471 2812 550 8207 3504 1707 3581 6813 6997 537 1735 8875 2573 9578 7305 7281 3567 8059 8868 470 2943 3029
60 8603 6394 7011 331 7389 9464 1947 3106 9479 3772 7976 3725 2346 5322 4490 9104 666 2319 7308 5870 4715 4653 2624 962 4281 1879 6045 1719 6788 1379 309 8443 8007 9705 1403 7592 464 6849 8021 3289 1172 4527 4751 6663 6363 1931 8291 9214 5254 3477 9388 1280 5835 8710 8786 7386 8618 6629 6546 8203
59 4776 9205 6374 4997 1202 8283 1228 4415 6441 7833 1171 7435 7771 2542 9902 900 1646 224 672 9808 5285 9242 3965 7368 5564 5146 8549 2755 8670 7337 4004 6123 5607 5884 5247 2525 3318 6287 7174 565 3835 2646 9075 9812 559 6572 2985 6179 2661 3409 1977 7906 9956 6797 4809 6877 4479 9617 4553
62 4804 4524 1484 7049 1028 3352 7456 404 4360 3712 554 5469 6744 9583 9212 3112 4217 4340 3549 7224 8949 1348 1942 8077 7044 8862 4806 8525 3660 8031 74 885 8172 4015 280 1178 966 4965 2928 5937 9504 4188 8368 8430 4598 5544 5252 84 675 1712 1511 1978 7969 2649 9261 8315 2603 7732 8628 6602 2399 9325
54 4201 738 4311 2726 879 8780 7961 1166 4821 5762 4142 3669 2519 6152 1283 8001 9900 1693 9066 2625 4661 7656 2658 3206 6640 6844 4406 9570 4434 5229 651 8982 8506 100 2486 146 7378 6415 1106 138 7973 4357 7202 2984 4387 5045 7553 9127 5882 7558 5090 9841 3935 3046
60 9547 2165 4576 6020 8845 1195 9756 3901 5245 1293 612 6535 913 5230 709 1275 244 9029 1050 1306 5387 2317 6753 5954 9775 9988 5610 2834 1850 3902 7984 2050 2018 7844 8968 5499 4587 4882 6556 1342 6407 5841 1194 366 6781 1224 9933 9828 1630 2666 6981 5838 1138 7966 1840 6097 5164 5116 6247 6161
62 5339 9395 9497 9092 3364 4473 2412 8753 7887 7261 8777 3444 8593 4698 5967 3284 7465 3374 5130 8396 6419 598 9126 2321 3678 3658 340 2565 700 5208 4512 6689 7142 2309 4810 9906 9807 4769 3031 9454 6109 2393 8785 7324 255 891 9864 4618 4169 6260 291 118 8812 5956 7930 5998 1057 2266 3216 123 6566 9778
56 6719 96 1065 9088 7948 9139 1894 2302 8165 4436 9206 7108 2980 642 7412 2497 7919 7648 1553 4714 1152 9796 8411 7335 3181 4918 8658 9792 3820 7505 1019 5287 7297 9985 163 7045 2426 594 7138 2285 2272 6643 4007 1752 4740 7643 5667 3083 6688 6694 71 3136 2126 4944 6458 6256
55 804 3546 9922 31 3018 6315 9635 3774 5320 5829 1483 2580 108 7488 7752 529 3258 1427 6462 1496 1669 3871 6337 4799 6793 473 8500 7457 6239 2343 6376 1524 59 9006 3395 7065 9323 8122 4110 6333 9619 7825 9865 8490 6745 6478 5851 3007 4285 1700 8624 7152 1898 3323 4371
60 8613 3586 877 7260 7314 1362 5112 8329 5477 6151 8338 5482 5202 5227 3001 5611 7349 9901 1805 8142 9509 197 2595 8201 8358 9830 9098 2191 4637 1192 4702 4845 7463 5665 9850 7425 6065 6438 701 5815 1581 3545 632 9553 2291 7434 8353 687 7605 2862 9328 7599 2699 7195 6665 3019 6742 4907 781 6803
61 5158 5819 6600 5565 9124 2023 803 272 2293 396 9927 4727 9123 7561 1582 9668 154 1869 3269 6141 8532 1174 7682 735 3960 7542 2685 4209 4214 7317 6814 3571 3293 135 8935 9961 7416 8096 8963 2959 1557 1025 1156 3611 9073 3041 9964 1101 415 3809 3748 9089 5062 7937 8884 3986 9184 8818 6138 7796 963
59 2766 1374 5533 3368 7786 6264 1474 1060 7383 6784 2423 3641 245 4675 9063 659 2198 9094 5059 9537 2605 4579 1554 6215 2016 7912 2245 5015 2669 5091 7215 8339 6035 4325 4613 3742 6780 6108 8154 5850 2135 7524 6606 279 2810 8960 4899 2036 1549 4686 2553 8449 1784 8432 569 3881 1802 1699 556
55 3752 9440 1766 7484 5598 7776 7534 191 3794 2687 2187 6454 362 928 2406 5703 6530 33 3404 5801 7603 8519 8870 801 2207 5243 2143 2027 9550 7078 683 5183 4216 3527 3808 2998 4154 151 7873 8153 3113 3842 1999 1941 5953 4213 3103 4354 1012 6439 30 2278 5603 2208 5555
65 4049 5368 3543 4150 4926 8176 1927 4109 7360 9813 557 3750 6952 7181 8015 3176 4786 2153 2040 4796 297 78 3329 8439 7956 5057 1371 3680 638 6446 8420 4643 2502 777 9524 237 2709 6120 782 2796 1429 4550 4681 4297 742 5289 6265 183 5483 5272 9787 3786 7043 5192 5017 7992 4838 8005 7212 6216 8852 3635 972 1758 2331
64 5519 3049 5342 6639 5118 2528 7226 5526 3140 2387 2623 531 1872 3802 1154 5529 5271 5520 7632 5651 2020 9486 462 304 7041 5718 837 6533 2621 881 8678 5739 8290 4440 2182 1478 8984 6350 2282 9105 3890 1372 5024 3386 64 1992 4631 6473 7492 1316 4937 3043 9960 212 4768 5303 9877 483 2344 4519 9826 400 8973 8441
62 968 7322 5194 3868 8295 3165 2094 4191 1562 1302 3934 2236 856 7572 3973 951 5807 4276 8471 5516 6658 668 5048 8078 9633 4166 3677 3307 7009 7512 4149 3139 3198 2057 9579 5873 1109 6249 9377 737 6582 8359 3232 5938 5690 4036 7252 5259 5127 571 6852 2269 8327 3465 3213 2073 1780 2593 8834 5098 7728 1419
57 4374 5411 1853 6581 5550 1448 6917 1579 4851 1851 6971 1673 9382 3547 2223 7387 5418 2436 9651 9563 1556 102 6289 9893 2927 7148 8806 8347 2437 4734 5145 9413 9207 5950 7427 5177 2132 3954 5013 2990 943 451 7803 205 9289 707 8681 6119 1072 2238 5789 2342 5481 9758 3705 1929 8195
59 9582 6911 844 6349 6000 596 1902 1957 1432 5314 2046 7230 397 513 5053 1295 6042 993 5663 9016 3892 9654 7550 669 8531 713 250 2262 5642 7619 9680 7666 9992 7978 2170 3274 8375 8271 2328 4647 6735 9420 6286 446 2084 789 2340 7126 2903 3089 6304 9700 9990 430 6588 2639 5000 4113 1775
56 7312 6577 6678 4564 6824 9043 9878 283 4245 1708 3362 4539 9093 3339 3968 1974 2082 2946 3486 5006 2894 563 9315 9867 7254 9795 3560 3154 3584 4733 3600 3851 3171 8667 8912 148 2679 2469 4840 6468 6339 618 7046 9431 6436 1887 8152 8499 1407 7730 1686 7900 9457 9649 7843 8214
61 9267 652 2407 8000 1908 8167 1398 8745 5393 182 8139 994 5969 9462 1207 144 516 8794 4111 438 3563 9114 8017 7062 5426 7627 7754 5196 2225 9473 5885 3366 8887 8563 3445 2532 8967 1266 549 9283 4057 3131 2485 1713 3217 4719 2067 3422 2147 326 3994 9513 5932 3382 9741 7321 8309 290 68 8564 3915
62 2374 3607 4475 5405 8301 1765 6829 3358 8971 8215 4079 9173 3695 6833 5211 9067 5069 7313 2148 2554 9721 2695 5493 7755 9953 2395 8669 5308 6782 9918 8404 1710 3055 5135 7497 329 3459 7758 607 7341 6763 8756 6840 2002 9197 90 3014 2546 3671 82 152 9270 5072 6409 4206 1666 9116 755 5054 3356 6815 1734
56 6160 2384 7014 3603 7890 480 2105 771 9037 38 8883 1816 417 5637 2119 4532 7116 2163 883 8245 9202 6599 8413 2686 8109 4335 9122 207 7562 1596 1877 999 6847 832 5812 8763 2491 2653 2698 3589 8597 3745 1240 8302 4009 1232 7447 8032 1629 313 4427 8336 1210 3394 9414 2881
63 8888 1755 5047 109 8551 2632 419 546 1191 9806 6977 3066 6778 9243 6155 5156 1043 365 8305 4115 7573 9096 3482 5189 8676 7508 1725 4063 5539 3738 9348 626 1501 4333 9086 2474 9036 6302 5892 2566 3476 3158 3396 5151 8126 3910 6435 3413 3552 3254 3850 1683 718 728 4691 987 5401 7464 9693 2598 2334 3458 9356
57 4510 1099 7091 6227 8349 3638 627 8054 7568 8591 2589 8257 7506 5396 9966 5088 7021 3290 7210 7461 7183 1926 3521 3159 2396 4596 7549 2676 5102 9786 8273 9437 2013 3639 4880 5689 4020 7207 5174 8992 4925 1943 9631 4321 9639 4260 1871 3222 8712 456 4667 7278 4450 8558 7861 5300 2938
64 9815 450 4595 5693 1770 6344 6129 2673 7295 7880 3087 5456 4912 578 9146 1807 8425 5764 9038 886 6412 9499 5255 7131 2510 6743 9255 5279 4914 1664 8332 2325 1400 8406 1679 7707 1482 5592 47 6875 6562 8515 8437 6955 8648 3038 7834 1119 4207 8906 6325 6057 5612 2466 3887 1804 3518 6480 8391 3717 7604 6052 9507 3832
63 7353 9789 9131 7396 726 8398 2893 2905 5269 2579 8272 8484 7104 5752 9907 1930 9630 2512 9534 6682 965 3285 4042 9081 502 4124 3867 6364 1558 186 6060 3229 4025 9950 2760 8198 3431 6243 7950 289 4982 8919 9770 8976 1036 7402 5328 4032 3856 8634 9352 7407 4174 2357 3731 6593 2550 7925 696 9895 9317 4767 6500
57 3122 515 4559 3340 1412 6242 6554 5727 3970 4955 7493 2206 6555 5574 459 2507 6579 7485 2109 2803 6322 2076 9178 9681 8620 6342 3447 1086 7345 5989 7012 4722 530 7066 5297 517 3615 81 786 8451 878 7309 9909 5511 8048 9450 4402 5253 8363 7875 5606 4685 8264 1169 2490 3512 6182
59 7366 234 9541 4391 4986 8137 1376 9299 1528 3846 7268 3644 4499 1928 6492 7743 9247 1317 7566 9972 8588 139 6660 8066 7105 2702 5382 418 167 4082 6843 8841 1458 4431 2815 5471 4687 2304 6855 9316 3852 1402 5999 7005 1039 4924 2232 4774 9343 625 2530 7217 9584 7813 532 2227 7071 5572 6146
58 3438 373 6266 184 5478 736 7250 4059 4330 8896 4449 551 8759 9675 9346 1416 9071 5444 3116 9427 9281 8567 7537 8609 1292 5077 6163 8027 3955 2712 2010 1905 9484 613 8323 4105 5737 2684 5751 1823 3551 4220 602 7709 3943 6010 6186 4236 6143 348 9269 3373 4600 3479 2261 5796 9456 4129
59 271 758 9280 7081 1206 1617 7188 2424 5897 4957 5916 8162 9734 1221 8460 5179 4569 6385 5467 8995 6989 3840 906 5907 8832 2953 2051 1764 6493 9600 5930 230 9046 8136 3610 5454 9701 5820 4283 673 2969 5182 7237 1635 3480 1832 7375 425 7214 6014 1322 4421 3899 2570 1808 5124 284 7571 5348
59 7265 9032 2911 7000 1716 6044 1564 3177 3624 4225 3875 2003 3724 9364 5856 6511 9585 8811 4893 6251 6299 7358 8205 8722 1386 2798 5929 5883 491 87 3157 3319 5715 2591 2859 9492 3436 1565 3760 8168 3064 6509 5491 1237 5011 3699 8464 3997 7662 6190 7008 414 688 5052 2678 1560 6348 3092 1329
58 8692 1235 8844 2824 6557 5248 3718 7380 7156 4119 766 8131 1421 4230 7819 2533 6257 6671 5750 9257 9973 5120 9802 3657 923 6241 6508 8916 8720 3730 4318 2858 3676 4617 1139 4139 6498 9671 9674 4655 4830 3020 7059 3770 5760 2592 3582 2361 45 8716 1577 8313 3378 6636 5767 9472 4447 4379
64 3256 4424 4273 5874 676 6489 7186 4046 2283 6614 4195 7154 6534 7445 9655 1330 3271 6628 3207 7640 4967 4621 8276 7332 6313 2043 2508 7076 6924 6070 4278 8568 2541 8734 3763 9552 8994 7453 2891 4839 5301 9628 5431 9515 3150 3295 5338 558 3754 9556 5636 8512 653 4633 4530 9914 249 6890 2139 2994 3612 8923 7125 325
59 8991 277 8861 7002 443 9809 8835 6637 1790 7377 8386 499 170 5079 2607 5093 1906 6154 1650 3683 6818 7749 7589 8141 4135 5010 7941 6916 8387 4788 1627 8127 9932 7343 6994 1360 8684 4359 8985 5722 4157 2408 8998 5278 8148 6037 5464 7140 1518 1096 7738 8103 8855 9163 371 2705 4972 5191 3367
61 8470 5360 7590 3123 8249 1922 4873 179 3862 2114 2615 105 9797 9336 7785 5071 8854 4027 6741 9625 8642 2923 5769 1212 2416 2294 1897 6392 4766 3854 6988 1441 7821 9158 5755 145 4395 8663 5934 6830 5813 9110 1838 6023 2919 3375 1621 3077 4930 4525 9730 1254 5457 355 1089 5713 1077 1864 8561 2056 287
57 8615 2041 6085 9386 9522 7993 5506 2758 8761 6254 4666 9544 9374 5496 4820 1599 2850 9035 7010 9595 7096 1356 8530 603 8805 6638 6838 9222 2747 1976 2433 5553 9944 6102 3360 1516 4000 2265 469 4295 508 9686 8475 5049 7172 4848 8189 8839 338 5672 8426 9141 5961 4307 2473 8819 3408
62 1003 4224 9838 3903 2549 8905 1241 2560 6585 4680 1418 1508 8972 3583 7024 9154 4197 845 7381 1996 9947 8229 485 9610 8220 2902 5035 1639 5219 9836 7469 7257 9736 7269 8408 9050 6472 2038 3924 4573 9849 3152 7642 9012 2031 1346 2561 1858 4399 8693 3124 8062 5802 9091 8662 5016 597 7232 6235 6491 5119 3376
65 699 5923 6276 9767 1889 457 814 7051 8698 9168 8529 2487 7724 6076 2276 9991 6865 5203 2597 19 2973 788 6095 2737 1995 5080 833 6620 6790 3767 492 2118 5920 2354 1131 8495 9720 8737 692 6541 8601 9559 5157 7766 8308 2229 4339 189 2866 7645 353 4275 1702 8260 8946 519 3990 9425 9660 7149 2999 4501 8063 1431 3662
58 7430 4493 5695 8996 992 9095 2523 9 4904 4441 6148 9872 4934 8823 7401 4542 1598 2662 6858 1268 3270 4726 8456 9801 8783 2160 847 8791 880 2414 9540 8535 1140 705 7403 5193 150 7920 6564 5357 2534 6413 8517 7846 2873 7837 5250 2739 336 8293 4863 4516 8282 4711 3309 9177 8666 4818
62 6178 9814 9468 7352 8466 3963 1663 1806 5557 2537 4649 5951 8874 934 7922 8120 7236 6879 2284 177 9726 4674 3507 6075 8729 1946 5038 7845 560 1774 9130 1886 7074 2122 2093 4522 5955 7135 2069 6515 3344 6026 2872 9612 5797 686 1668 7107 5281 5273 9330 3685 5380 7301 4869 225 2787 5367 564 295 6059 5619
59 8108 4862 1002 6520 8954 5106 2115 4254 9762 6881 5290 2972 6271 509 8730 2121 3286 2820 7029 3251 2975 3021 2879 4137 335 6424 924 7486 7474 8871 4744 8502 3588 4554 9978 1781 5331 3783 917 4503 6820 6083 5336 5433 2129 1988 2682 4186 3156 1103 7201 3972 4047 4913 8274 4317 5568 3320 5963 