17 5716 3245 1530 8207 2338 5036 7448 7724 3524 3256 3776 4386 2022 4669 3609 2307 8722
18 4143 3865 9575 4558 161 4636 21 2563 8015 3481 5223 1483 6448 1116 5162 4118 1210 2223
7 1866 5727 1100 3050 6567 6283 5903
14 8213 9845 35 753 2343 5610 3150 1075 9119 7688 5037 5753 5065 9960
18 8292 7435 5721 5783 8167 524 4293 9440 1283 4073 8280 2282 1607 8012 3864 1195 9439 8091
17 3988 4084 596 655 9972 4819 516 1981 4217 6156 8526 1258 3301 1291 6616 5439 9430
12 3667 3651 9495 1 1046 7453 307 9792 8634 2113 5051 321
16 8878 1723 66 7457 6579 1979 5211 1065 2323 907 106 2647 6600 5942 7625 2130
15 4078 7849 8328 2425 6446 2981 938 4971 9534 7113 404 9783 2308 4197 5555
16 1209 7329 3603 846 8035 9357 2375 7778 6234 7591 1236 3318 1144 7374 6606 1574
18 6663 3208 1276 6856 895 1733 3970 1123 9639 5559 7099 3902 4218 3504 5926 4531 7559 5046
11 9581 2784 3866 5712 8530 4639 3230 5109 7416 4778 9703
13 5161 1406 9666 4507 4245 993 4930 7822 4559 8817 6829 6891 7909
20 6160 5387 7314 4782 9190 6216 4384 5452 1631 6883 4879 6184 6086 5419 8716 9622 3224 1641 901 8850
13 7862 5757 8937 881 9724 1762 2977 6362 5128 3700 5468 4580 432
19 6794 5510 4630 6220 6119 9232 1523 3997 7912 4460 676 1666 1068 4271 868 3033 6358 2298 20
11 3008 3329 825 4940 767 118 8186 2315 2414 841 8596
18 8102 7320 2539 9680 4704 3169 4628 8416 2924 2054 7624 6167 4252 2454 9690 3254 4994 6595
16 6263 2424 5517 1908 1845 379 6681 6363 1982 3277 6592 8861 4757 1076 9970 9938
10 9121 2325 4333 4004 4707 1277 274 8238 4281 5841
11 8758 1564 9949 3802 4776 724 9324 4521 7782 2487 6018
18 303 1227 5875 9965 7097 7191 7037 3999 288 7447 3568 192 5587 6594 2962 3525 2922 7105
10 3629 5554 4285 267 348 2639 897 930 4074 7206
10 9675 1984 2511 4299 856 3117 2409 3901 1844 5874
14 222 6360 6186 6173 6279 8244 7414 1262 262 7623 2902 2606 5390 1038
13 549 3147 3623 508 936 8460 5420 8627 4567 7836 8636 3576 5661
18 2720 6924 6307 601 4409 5351 177 9263 7234 2680 8107 1535 4030 1127 8201 1540 5784 1120
10 5970 8189 3196 364 2752 9312 1126 9032 2255 6434
15 1993 3640 4836 2140 2702 6268 1016 2719 5645 6949 8757 6310 9656 4324 1809
16 5406 332 2799 1232 7811 3099 6678 8906 8936 411 8145 8461 3048 7821 6032 7969
20 6670 7891 7172 5678 9710 6956 3434 2164 6880 6442 8248 6530 6761 1611 7539 6853 8013 1158 1149 3698
10 3696 5835 8312 8895 4810 2088 712 8454 2679 9714
21 7399 3333 9595 4665 1628 4035 5375 1710 6197 3429 1719 6464 7326 7128 7324 6354 13 3543 70 5415 3107
15 4059 1874 7080 8400 3045 5411 6683 1606 4239 5246 5897 8607 6194 9243 3838
20 8477 3067 8351 656 2999 7777 3648 4884 7918 2035 8673 6105 3473 9413 8117 5916 9873 3324 5110 9334
18 8518 2520 9469 6474 3414 9035 578 7239 8650 8846 5326 9115 4434 7801 1898 5331 8392 2318
17 6403 4202 595 2997 8915 6915 4378 3982 4212 2494 5736 7288 3327 5865 6011 4296 8802
18 4842 4455 5516 7190 7364 2732 6247 5278 4892 1519 5614 2148 5531 7660 2069 648 1293 8375
18 8557 8786 4003 7916 7342 230 7296 3404 8039 4917 4674 4262 7315 6050 2592 8166 5735 1805
16 29 3257 3334 922 531 380 5451 3372 4701 2242 162 7483 3456 8923 2030 6586
20 2356 6329 4537 5748 2973 3119 1081 2954 5389 3811 3521 2400 4933 9688 8924 1366 8304 685 9759 5501
8 4644 6398 1785 571 2321 6667 1972 3464
17 5222 6199 4194 6125 8995 2240 4481 6727 4312 8097 387 7930 4974 9905 4157 1573 7943
14 1315 1689 933 8955 5815 350 3748 2740 9509 2704 8964 7524 361 2814
13 9207 2788 2118 951 2577 708 8806 1846 1896 4204 2866 7264 3402
15 6662 9452 9813 1206 7208 6292 7883 2931 2381 6797 9522 2002 3015 6477 4203
19 7088 9685 9320 1994 4869 1557 9738 9872 1504 7370 8344 8567 5007 4051 6436 5119 451 4022 5524
18 5324 3311 1955 3795 9527 8504 1738 377 1396 8298 6543 7486 87 5365 5456 7202 702 6492
16 2465 9996 6327 7492 8493 5155 4893 9441 695 1769 2743 9772 2067 845 2794 7985
7 2418 4650 2064 3109 2873 8226 5659
8 2869 1192 4201 787 6107 7358 1951 7467
16 7429 3317 6029 9512 5240 2033 7573 105 8218 5372 8362 7997 5834 6351 8078 398
11 7013 9877 2632 4993 3823 1682 5839 2521 3781 6084 6330
19 7799 5948 6200 4666 92 9830 9604 2948 8988 1947 9480 9163 556 8036 3063 6250 9146 3984 4732
16 9913 6340 1537 9975 3305 1199 4211 6763 96 5349 6696 6796 9437 9977 2490 6193
12 7929 7512 1959 1518 8110 4828 9268 5154 9222 130 114 5059
16 1735 1013 7768 5663 5503 1843 330 7501 3661 4272 7960 8822 9587 4700 2411 6750
11 5868 1170 965 439 2352 7690 4366 9234 9157 1591 8824
12 1867 3049 2006 2198 8614 2527 5914 4464 1073 1818 5346 3111
10 6815 9820 8784 5756 5054 1583 7122 3733 1495 9227
17 4056 1030 5205 615 4297 6078 6871 5107 1117 408 6226 525 8977 1028 9253 8044 4812
21 55 7711 6004 7430 9696 8112 4541 6272 4677 5187 4486 1656 34 7247 3941 4284 6990 6019 9005 1931 3562
16 24 8425 3104 2031 942 9564 6966 1348 4426 9250 2186 1596 6499 1185 1694 8333
23 4058 3249 8629 5377 4659 9832 3789 396 9438 9298 5958 5259 8494 1458 8317 3010 2953 9148 1877 9145 4783 1961 7441
14 4098 271 5562 6346 1629 547 577 8256 1080 1621 6470 1974 1677 1653
10 6541 1492 5189 5626 422 5622 6757 2059 8273 5226
4 6381 8227 2481 6889
17 1757 4511 2690 98 2180 7665 5088 7689 5428 2309 614 5807 3283 6723 1086 1060 8119
6 2941 2718 2029 6676 4040 5179
12 696 4223 7631 3462 9871 507 8804 1415 10 4518 243 2430
15 1543 4794 3200 1272 761 5422 2072 1721 6319 3447 324 4375 9007 3310 5776
12 3697 7180 1588 4482 5628 584 5824 5122 5919 2251 4220 1336
7 8698 1593 200 306 6339 3412 3711
15 1815 3068 7085 6101 7642 9900 865 6353 8743 1941 6687 4023 925 2196 6518
19 3817 5358 7585 9105 2551 9858 821 4824 928 8860 6869 8531 9932 8778 5170 4261 2103 2976 5003
21 2327 9052 8573 8285 1491 9681 1152 4099 7872 8981 5171 1810 1130 1049 3062 1825 3835 8503 7395 3274 1662
19 957 8458 9691 6473 611 4938 8617 4331 2023 9687 8545 5360 5664 5364 3486 914 2155 5280 6405
20 9901 6150 6804 665 164 9511 8094 8782 2220 6785 3406 4562 5558 8052 6557 4671 4501 4240 5653 3378
17 2912 9406 8435 8224 7884 1509 8984 2693 1320 5039 4198 5026 5618 7163 8859 8939 8838
21 4788 7210 5017 3885 7494 6352 4433 8491 133 2373 9212 8725 781 4459 4110 971 4402 8647 6935 2449 181
18 3607 7810 8021 1995 3199 3583 3326 6962 649 6406 9231 4620 3507 9389 8897 5760 2421 8847
9 713 1860 5983 959 8880 4861 5408 4922 3120
19 1794 6239 4980 6438 4291 9018 1700 5123 7176 4906 3421 8041 4619 9094 9217 2987 9120 4779 5629
8 2695 2296 328 4867 8133 6825 2453 9377
4 9393 3910 4404 2591
7 622 666 872 5946 479 7766 5723
16 5299 3579 2791 4624 9345 1902 6647 6163 7998 1034 7832 6988 4416 5233 5536 4568
13 2828 6786 7867 1460 5913 6161 9436 6495 1400 4908 1594 8948 2169
7 219 1734 4720 3717 475 476 4865
17 7709 7129 1697 1777 7628 9033 6251 4744 1525 8126 7419 5488 9399 1919 8276 7681 5275
18 3156 5771 6413 9712 9429 6587 6597 1539 2901 6306 5000 7721 6401 5749 5077 2880 8971 5273
12 8184 403 9288 6519 3694 2051 4526 2204 7744 7242 3662 811
13 519 3276 1973 4043 1926 6061 2582 132 4456 3837 5410 2280 6073
17 7957 7186 1852 482 7312 5539 1215 6716 7873 1679 5670 6830 6100 7050 5718 2929 4354
16 6252 9684 8869 286 1791 6705 4881 5959 4468 2038 8053 2886 6348 2868 9390 8377
21 1005 7156 3849 5535 9382 849 3124 1886 8023 4062 8334 4840 227 9998 121 1091 5938 3633 7509 7481 9673
13 4150 9087 212 1102 6809 5260 2191 3496 1618 6289 2822 7590 5819
19 489 128 1223 3921 8796 1553 8990 355 5305 4899 2535 9363 8068 5333 3383 7544 9955 1935 1437
17 445 7455 400 9385 5495 6893 5012 6999 7498 546 7753 9716 4102 6195 3343 5676 4374
18 3410 9864 7276 6739 2653 6106 8827 8779 3832 5677 8002 6790 9653 2458 6334 2610 6559 9794
8 8840 1605 1002 7922 2179 5191 6176 5513
11 8520 9852 8892 1729 1386 552 2036 9044 7168 2698 7589
18 2432 1609 9503 9705 2470 5287 5043 6806 3909 9299 6187 5505 2101 8046 6028 86 8762 5538
12 6039 2043 1328 1368 8540 8911 4234 6847 4983 7201 8364 8870
5 9847 7993 3202 9215 2815
20 1138 19 7704 7638 4246 1550 9477 2613 559 5301 5188 6104 6308 4188 5104 5215 6371 9568 2070 4823
9 3307 9985 7602 830 8259 137 7130 5655 3341
16 9449 7737 3108 5662 8687 2958 7149 2452 9435 4114 6646 9162 3143 73 3302 4142
17 8728 9412 7574 6503 9179 8970 3570 5768 8916 3392 2405 5795 7421 4275 6568 8308 6775
11 583 9166 6765 1326 208 1381 2496 3407 5696 1093 616
19 5717 1838 7846 697 7236 4050 8546 4523 7091 5527 3713 1953 1740 3505 7869 8327 9887 56 9573
11 297 902 6879 2003 7480 4178 2258 6781 44 4545 2312
12 2247 5218 4673 8637 3537 100 4123 3499 1338 7197 1870 5071
22 5440 7471 4233 8835 6984 8695 5426 6865 9433 3428 7505 5722 8196 2047 8349 7826 927 195 1952 8980 6919 8301
13 4687 8699 7779 9160 9075 6142 9245 2994 953 2450 3250 2221 5953
14 9140 5369 1655 6293 8785 8316 5878 7363 7914 1298 6224 3558 7241 2269
16 3371 9402 874 511 1111 7274 5001 319 2178 1296 7708 6037 4743 2499 9193 2998
17 6694 4781 9011 4493 1487 5070 8809 8284 9269 3125 764 5418 6177 3255 731 7611 452
9 6649 3138 4109 284 4411 3889 1851 3791 3887
12 4894 7428 3263 3554 506 5866 7684 1405 9600 7437 8797 5361
6 1563 1256 6904 9208 3824 9013
17 8950 9347 8426 8588 4450 9073 7562 618 1322 7786 9802 134 2750 3280 6878 5607 6721
17 2316 245 9926 5477 1863 1647 7282 8815 9584 7474 7945 6531 2145 2152 3347 6693 1718
10 2883 8029 3891 1186 8368 4070 8393 869 8235 6514
8 5343 7575 8325 4254 8570 2287 443 1823
6 6689 5572 7446 3615 9130 1880
8 3654 2654 1882 2575 534 3023 9129 2865
17 157 3129 935 1968 9928 7679 7507 8437 3448 9531 8905 6055 3226 7268 3335 7946 6288
12 6900 7108 8595 643 4970 819 727 5925 1356 8123 6271 2273
18 2020 8548 780 5779 3818 6480 7949 2374 467 9086 9755 5940 79 900 9891 7311 3286 4393
17 4094 2079 6951 8991 6526 8909 5329 6989 5635 6827 8997 1274 3142 4067 3642 8156 5266
19 5341 4387 2230 41 199 266 7882 1862 9195 1466 5770 3536 3399 6684 1744 2588 4769 5022 1642
8 8086 6110 7804 347 5095 8365 8001 3021
16 2920 409 7152 8220 2776 3116 3339 5767 2222 8305 9170 9468 5644 955 9898 5127
12 9550 1676 5519 3292 4403 3359 5893 8663 7348 6355 2830 638
19 5902 2928 533 3036 7785 9156 9101 5040 6838 2955 6692 9122 4473 1673 129 2594 7824 1261 224
16 423 457 3938 6305 9737 3732 1436 7164 7368 3935 6276 5081 2027 5894 207 9850
18 3471 2963 1177 9100 3418 2115 9319 275 4638 2749 6837 1759 8222 3275 7184 5438 4269 3664
14 1105 8823 6270 8780 8014 2607 8616 8264 7718 5648 3071 8452 3035 1052
11 9979 5743 3368 7787 1319 4513 9423 4408 1035 6603 644
8 8179 1363 9954 9248 2728 8499 3787 7568
12 3149 4414 7355 8169 8764 185 8394 1395 226 2139 8674 2271
14 7861 8711 1872 255 7132 5565 7538 1069 1462 8626 783 8879 926 3259
16 6706 6747 5049 3411 4602 3701 1494 1480 2612 8061 384 2579 5098 9294 6458 8210
19 477 4648 248 417 3047 4786 7503 5579 8033 4044 517 8705 6240 3214 7725 4548 466 8622 1378
10 6783 513 1527 4875 9538 8421 3974 1271 7262 8253
12 8509 2748 4635 6430 2930 7941 4006 9201 4079 6302 144 1173
14 8787 8376 3510 9557 1792 6744 395 3087 322 4766 9719 1927 2772 8957
17 117 1773 530 1904 6615 120 8761 3751 7570 983 4407 291 3944 8825 8888 1043 7881
11 5934 8209 5425 9769 8816 7135 7613 653 8942 840 107
18 8204 109 4575 9286 6729 7380 3466 4806 5872 1382 3545 5943 1446 446 1497 7720 7649 3238
16 700 1447 8739 6245 6034 9392 244 1684 793 2021 9644 3385 7898 1478 5435 3612
4 5598 8586 3557 5982
12 6031 956 172 233 2522 6690 1906 1615 7144 7427 1760 707
18 541 9187 8302 4421 119 6563 2404 5082 7940 5099 6444 2852 8931 9431 5609 6955 418 9614
16 268 789 318 7668 2771 4117 2933 1392 4730 2871 5898 3387 4425 4363 6792 980
11 7109 5158 560 5792 4595 1464 7384 1145 198 5863 9803
13 3239 6493 1869 9702 2171 2248 6821 4358 6215 3955 9642 5030 2203
20 768 2123 9586 5621 1412 715 7604 5630 816 9275 5274 3628 4187 4814 1481 7964 5048 749 3712 3987
16 1515 5971 4352 4689 2290 9136 3630 1743 743 1678 3922 792 7955 4918 5265 5446
8 8342 817 2523 4705 4854 2288 4210 8120
16 4525 8024 9274 4830 8681 353 3271 2636 8294 1124 5980 3954 1354 8251 7938 9472
16 8395 7792 1640 9743 7994 2787 1324 2040 1411 6130 3081 33 8900 4785 4018 2408
14 6002 6735 4629 7761 4937 9624 5284 6281 7295 2334 1708 7100 6022 1929
8 3168 5491 2626 4863 7686 64 8037 2053
10 2589 8774 2537 3842 1686 4756 8968 2908 5790 5269
10 4066 5808 3430 57 8682 8191 7162 5033 2769 6527
16 7913 8979 3420 5656 2173 7411 6462 6737 964 7774 7767 3897 6522 7219 1288 5586
13 5769 1323 5746 3403 7557 2696 9546 9822 7817 7809 8232 54 4091
17 585 8262 3176 7000 8940 3393 7422 3102 4550 4159 2768 581 407 3183 333 1118 8874
13 2507 699 873 5092 6682 8961 7695 9995 299 2666 6978 424 1547
18 5335 2026 7637 2856 3468 3205 9844 2048 434 7646 2816 1703 9488 2723 9771 3229 632 49
13 2166 5282 3453 5050 9458 4773 880 4388 2555 9506 9356 389 1020
9 9670 3596 7357 6410 8088 2114 2252 8866 5225
9 1269 5034 6255 5566 9002 3759 8188 1424 2939
10 4758 7287 9556 9144 9251 6766 4005 16 4445 3522
19 4618 8370 7666 640 8403 4007 4356 4858 5550 6846 3391 2995 5786 9697 6725 5455 7024 3899 3458
10 3578 448 5116 2534 7599 7056 123 8929 3857 590
18 7318 2896 1835 8953 2884 2927 4491 9132 2854 7330 8528 8755 4795 7950 82 9210 2322 2208
9 2384 3241 9616 1229 3223 5752 2211 6311 1452
21 6843 3786 975 3585 2731 4024 4397 6882 2875 8193 7749 3484 5741 6812 4923 7841 7170 1730 747 4133 5931
18 2576 1113 9401 150 2904 3022 5853 1168 6868 9085 3178 7607 5640 7031 5047 9369 7228 4790
16 719 46 1476 365 8450 4487 8807 9767 7727 9181 7520 4504 188 6844 4145 3883
19 7188 864 3066 8795 5267 5701 8851 1443 8063 1943 4190 2344 470 9786 6394 4945 7290 1813 6439
15 4855 2603 1803 3502 3127 9837 8593 9239 2475 9351 4176 4427 3727 204 5063
13 3444 7028 499 7425 847 3299 2701 8197 573 3144 1268 3440 1374
20 6228 9090 6741 5829 5892 2673 8413 5031 5992 5180 6854 4168 4236 8544 9807 1360 532 8925 3080 5190
20 4214 7889 5112 5006 6409 8445 8998 8598 3470 6542 4919 5350 1071 7979 8441 1011 562 4962 8558 4186
18 3167 3236 9306 8440 1873 3038 3940 40 5009 6140 6726 2116 5694 8522 2328 5178 2593 8543
14 9003 8055 368 1781 7071 9081 7644 8269 5797 6881 9461 2671 4951 6273
20 2519 5402 7020 4661 4686 5156 704 8737 6392 5101 2729 6391 50 9501 9261 651 3357 592 9206 910
21 5304 8713 7648 8554 9135 4555 1644 3896 7508 4096 7564 9083 8649 4514 4472 8751 6049 6524 4726 3431 3204
18 1664 6669 7554 9064 1294 1511 9165 8058 1248 9980 3216 7095 4505 4288 4183 4925 5508 7795
17 4008 2074 3666 7572 3493 7595 4714 5962 2272 238 3738 8050 1713 4315 7484 8463 4900
13 9283 8978 5732 6969 9579 8539 8387 9750 1683 5798 8507 8163 5398
17 1305 6485 9128 8462 7086 9735 4355 1459 9659 9424 7879 8473 362 5956 4691 1892 2755
6 9698 9459 6701 7834 3032 795
15 4637 9109 6261 9273 6407 7143 6290 9159 1937 2500 8469 3519 8515 5977 8947
18 3869 7293 8323 9805 6718 1252 1175 7309 5690 4270 2765 4470 2001 4222 8172 7831 1083 4268
4 3708 369 538 7015
22 920 842 3572 3541 2261 7692 7019 544 292 8228 2388 2715 3285 9967 7583 7279 4108 2843 9196 7968 2862 1226
19 2949 3527 6756 8536 2754 5100 6243 8590 242 4590 7771 4640 5873 2914 4737 6007 2200 758 5697
10 8890 1531 7339 7233 3003 7305 4752 60 3110 383
4 6695 9012 5957 2573
6 2008 1194 720 9341 5627 6544
19 9305 8203 9628 3375 1667 4652 1768 2395 281 6336 5094 9894 4182 8625 9432 5015 7423 6249 5224
18 606 1121 2440 3840 1222 1311 1259 572 153 4237 5401 9211 9006 6010 1822 480 6294 9350
9 9411 3540 3461 4011 2087 8340 9831 3218 5035
13 4379 4877 8274 6021 2751 6429 2650 2533 7780 3180 7054 8384 7133
16 3580 658 166 1267 7174 4880 5344 6231 4263 7542 9416 2630 111 5242 7017 7565
7 3457 5480 124 4755 1426 302 2597
19 4309 3160 8574 4826 8059 7901 5008 3451 2753 6866 11 2546 1187 414 1153 9465 5896 805 2363
17 2774 1024 8832 3632 8155 4587 9151 7334 8108 3763 7754 2283 9069 4230 2625 7714 5859
18 6139 8447 4225 8772 8615 2790 2264 4330 2984 4631 2093 7175 8165 3800 915 7136 298 1139
18 4984 6159 4349 9042 7682 7275 7614 7857 1435 8651 7917 7886 9994 8619 1549 9736 5149 1247
17 1228 2642 2663 3082 8038 6730 6488 7106 2874 1058 5843 6964 5489 4308 8076 4987 1923
20 6952 1384 6752 2782 5602 4372 2797 1912 2842 1692 2969 7454 3782 850 6400 5775 3234 9220 4886 4729
9 9291 4546 3381 189 5638 6510 6278 6093 3076
13 6901 8783 3424 9890 2651 2041 1079 7548 4528 7336 3792 9024 906
10 8564 2641 5954 3325 7337 8719 4672 7079 7338 390
11 5497 206 4733 3614 2524 6675 139 7719 3858 7039 5029
15 5445 3005 2838 1970 9289 967 459 454 6416 6577 5683 2349 1244 8221 1659
20 3025 7612 7082 1313 7193 9116 115 9842 7843 6674 3799 2218 7743 1036 2889 4081 5633 1191 3679 8371
18 3555 8277 4153 1977 6425 6814 7762 3859 9964 9978 3924 2685 264 6445 2595 170 3871 5588
9 4829 4654 2063 7926 1775 110 5414 5883 2376
17 2735 5500 4502 8766 313 8116 8523 6793 4660 1720 4678 9332 5577 2624 9885 5485 939
10 2571 7230 4154 8348 382 4688 5097 8436 3981 5573
11 580 3990 2495 8192 8267 6992 8712 4509 3745 5084 4901
8 5649 9497 8603 1448 5470 3070 5478 3386
18 4435 567 6658 442 2112 7933 990 7078 9407 8872 1819 8498 1905 4251 2144 234 6368 5939
8 1353 1414 9544 4164 3105 1797 6771 5091
5 734 8736 8967 1808 1542
16 7965 5744 3833 2480 3215 2319 1924 6064 2156 160 8500 429 3959 5362 8098 2746
15 88 9874 1200 8868 4709 9388 8691 1461 8105 561 5105 6520 1107 148 9875
9 961 5636 2056 5135 6719 9483 4041 3586 1375
15 4601 1251 3544 3398 9375 969 1584 9221 3672 3501 4503 4152 4853 4466 218
12 5086 7347 3561 1566 5805 2389 2615 9169 831 7593 5434 5592
14 2559 4885 2975 5285 69 9171 6182 2937 1246 9699 834 8913 690 6063
13 1560 1407 5393 730 2235 4396 381 782 9186 7485 535 8106 6613
17 6418 9473 8198 4405 5593 9056 1960 7797 5882 2763 5176 9854 8295 9637 5854 994 3346
16 4090 3426 6550 9537 6000 9379 4916 3186 7285 8511 3771 2699 9605 960 3923 6644
16 1066 7319 7870 4807 3366 2000 3345 6622 5313 752 6754 158 3389 269 1570 9906
11 7561 8149 7346 3952 686 6626 1183 4192 2024 6096 8430
12 8420 2106 9944 9071 1143 9240 2427 1044 1881 1092 7519 4955
20 9325 5990 9559 9640 8419 5695 4400 7812 5864 1761 4016 8732 6691 4856 9428 6588 1089 7676 2609 3928
12 672 7398 4200 8040 2992 1755 5584 7697 6344 3709 2210 7603
21 2278 9768 2657 4920 3191 3663 8876 4953 5356 2082 2841 9785 103 5314 7402 6154 3581 2202 1312 1962 6246
7 5018 190 2455 6942 4205 2515 1159
17 610 2714 3601 565 4957 4115 9981 2362 249 6447 257 5392 5461 6005 4095 9467 4120
17 2135 3826 6164 1804 1503 6762 2910 9000 5133 1486 1616 6117 9911 6876 9775 2786 9749
18 5227 5237 9282 1986 3783 7730 6066 979 5909 1474 4598 8389 6624 6685 5989 7289 3153 7251
11 6807 7687 5890 6475 8575 5433 7535 9381 2766 3088 9387
12 8406 9405 2426 4717 3 1026 201 6314 4600 5937 7673 5399
11 7463 3362 495 6709 8592 6432 3956 6661 6419 8080 5665
16 3294 6053 9297 989 7579 1331 4087 485 5210 178 9258 652 899 2629 9770 1680
17 5245 5818 8448 6703 8882 9177 1429 6379 5608 6897 7976 441 5918 4956 5373 757 6323
9 3655 3092 5711 5069 5837 5632 8212 2947 7773
14 4742 6836 3605 4065 3767 4845 2097 6632 5339 1824 8907 8084 4077 1204
12 1335 7864 1625 5507 135 3445 8272 3680 2332 7189 5705 3491
20 8708 5615 9246 5120 6903 3112 3602 934 4398 6907 6925 1964 9242 2858 9051 2853 1280 431 4424 8008
18 9409 3546 8848 608 854 9620 3122 8864 2034 1317 9727 4144 777 3350 9067 6933 7863 4716
11 9976 2313 7198 3024 5996 4080 9353 8412 3829 8446 492
13 4586 47 6454 6886 7361 2104 2438 1428 6483 6083 490 5528 1626
20 9707 7677 8309 95 4137 6280 4441 5567 4924 2525 1516 4902 7871 4155 3831 5056 6217 6976 4311 8908
7 9523 3358 3201 1925 9415 6995 3380
17 4494 7117 4761 1201 5228 2126 7386 3895 4832 7842 5728 8775 1174 4997 5142 9986 6241
12 9313 6654 5060 7927 9045 9925 6014 2249 1517 3884 7851 5376
17 5300 3918 1010 9562 9657 5557 5021 8027 4221 6679 500 5625 9895 7035 3719 729 1552
9 8773 8502 4075 7978 4533 8966 9049 7350 9829
19 7640 6877 6450 3083 7662 514 6905 8638 6888 1292 37 536 3962 8345 4392 6487 6461 7989 3880
18 6361 2738 8449 4815 7934 4485 8187 8485 402 9225 2025 3503 8532 8442 6732 2940 5707 7111
12 9216 2538 1142 5686 6538 6523 6932 4045 3227 260 2506 8553
21 3090 9649 4184 3073 8219 2399 2105 6274 9647 698 3547 814 8812 6553 9808 7517 4556 1614 8089 8311 4348
14 311 6645 9641 2229 7788 4712 9479 6934 1526 5276 7954 944 5512 4129
23 9626 8630 2512 2681 3017 6498 2077 1263 2916 8159 3282 6157 4734 6469 9029 53 2371 836 3626 8138 966 7112 6433
14 6412 4475 9636 6356 8030 415 9694 6722 6312 6025 912 909 8162 1284
17 8640 1421 3565 1910 3636 2044 3624 9823 3450 5216 412 2358 1732 6443 3720 948 9443
7 8587 4260 1524 2245 1365 9394 4027
10 6916 1651 1218 1500 3936 7388 1983 1377 9796 8174
15 5858 3396 3906 6009 9284 3443 6617 7167 6126 8366 4148 6852 3914 2019 4116
10 6607 1090 2566 5347 5366 2346 796 9417 6533 8350
8 4948 5332 991 1816 7408 1333 1213 8717
16 9679 9920 4107 3433 9481 6896 9908 154 9244 4817 558 4422 1279 973 8211 4185
13 1097 2293 2605 4250 6316 7663 9475 4888 9276 7043 3645 2486 6665
22 4346 1883 6123 6192 3875 6922 986 7643 2260 2938 5569 4344 3455 1351 6948 1950 7980 1128 8451 5432 7489 7160
16 6965 4428 3976 5025 4410 9947 1963 2181 2355 294 4966 9228 8788 2286 5563 2090
12 3030 4583 4112 2216 8521 1496 843 646 9812 674 2386 7061
17 2061 1637 8566 326 2717 7726 4675 72 9378 1342 3943 2674 1753 5463 2968 9782 8100
19 7401 9191 4848 6710 4141 2802 8951 1302 235 6452 3360 3078 1196 7523 1801 9309 5118 3134 4042
18 769 2147 3319 992 3807 8263 2565 5951 6196 9941 8883 8512 3001 4754 8572 8594 4383 5848
6 9084 7451 6296 6058 8093 4887
21 8175 9869 1580 5719 2207 8101 7745 2482 1603 7488 1314 7549 450 2761 4287 6347 8676 1704 9339 465 325
7 6633 8459 5214 7243 3539 9781 9499
18 4071 6529 892 8803 2570 6638 5724 3232 8987 7746 80 6637 5175 323 3945 7151 2170 6993
12 2917 8489 6457 1674 3475 3338 1181 8064 2341 4477 3244 8730
12 6466 3758 7249 1997 1529 7923 4809 7261 9034 9676 2677 8054
12 7499 6404 5307 4986 832 7532 9141 4699 6930 5548 6591 5682
6 5693 7325 78 1731 1987 5476
10 8670 9816 5004 3497 7855 5546 2046 9434 8891 7356
8 9563 8965 9384 279 6578 9921 1137 1699
12 7657 6913 3029 4088 3114 4415 352 924 174 2554 4332 8178
17 2944 6851 7277 2781 4371 9027 1325 6712 9542 1989 4340 6918 1270 314 5117 6384 410
16 6424 7114 1489 168 1508 2967 6698 4767 8661 8081 3198 6460 2689 7059 2410 1134
10 8271 3608 6137 116 9315 9124 3671 8202 9834 2659
18 8310 2899 3354 5888 8831 982 5250 736 3330 3610 8427 8478 2339 2623 3349 4813 1425 8582
19 4307 6189 5466 8410 2982 7256 2556 5603 4357 7807 3221 8721 7781 2890 3355 9552 888 5714 4319
13 7911 9463 7372 3566 1913 2602 6181 6094 4009 754 1632 5930 8000
14 7064 9974 3947 3966 2686 908 2407 8656 3152 5229 9048 818 6051 270
12 8731 4437 6206 4048 5041 3854 6326 2237 8048 4978 5551 8363
9 1135 3856 4032 7497 9597 6079 7450 6569 6507
6 6115 7716 8164 3075 5657 7458
20 9888 3459 5699 950 127 8938 9896 2402 3308 4173 3674 5195 337 8875 7705 4837 6388 8467 8777 4695
16 7070 8932 5295 6842 9576 4862 4353 7194 7615 2909 6174 528 2080 2127 4883 6285
18 5192 8104 5887 9464 4593 9897 4871 2209 1988 2945 7820 2485 3926 3175 4341 3012 5454 626
7 8559 9046 9137 502 5303 2660 5571
18 3564 4959 6003 4029 3784 9617 3839 6672 3039 9230 5427 9982 8405 1440 336 8429 5044 3115
17 7229 3575 4196 8254 9951 6818 6902 8160 5353 9742 8692 3968 654 9615 763 5144 6191
12 474 4693 7406 7102 4064 6601 7732 867 1027 6621 3860 2770
18 84 8902 290 6749 5511 300 799 5262 9337 83 4122 5739 5773 4841 4010 5354 9517 9918
13 6831 3384 7248 7323 5352 8151 1299 6769 3613 1501 2099 3287 7223
18 187 739 6304 1054 5182 1884 9613 9410 1643 7034 8109 6223 4517 6545 8765 756 2993 3589
22 4839 8715 7465 3830 7580 6023 7209 8659 9074 3977 9361 7531 2365 5651 5357 7728 3084 7185 3644 6052 1225 2353
12 1040 2942 6155 5777 5212 2600 3760 6828 1129 3762 6612 5449
18 1273 8484 428 4028 2952 5169 4623 7502 2075 4747 6374 574 7257 8092 3931 8885 5944 6364
17 7877 3951 2335 3512 8791 4119 6659 6566 1098 4535 8904 3376 7659 7639 1403 8934 8684
22 3855 1724 7224 1233 3542 3594 691 9962 8645 9070 4692 1572 5270 453 8759 746 6651 7183 6390 9203 1887 2848
14 8675 6745 3439 9987 8492 5385 2175 3707 7396 7258 3964 9178 3041 2897
6 1833 7948 7878 6890 8275 7586
17 6456 481 9485 4658 7246 9478 6642 2205 7081 4963 6227 509 5788 6315 5869 1347 2664
13 6044 209 9795 8768 7479 8245 689 3979 217 619 9041 1427 3971
9 7040 5991 8347 9391 3927 8260 7215 603 1207
15 3549 7379 1245 6652 6089 3085 4626 6714 647 3151 9692 522 8648 4305 1722
14 4377 6875 6536 4101 4696 9761 9028 1166 5379 4419 2734 3890 9726 9931
12 7475 9733 3148 9252 1786 2965 3769 145 5078 1736 2824 3886
16 7119 9935 1635 5541 1627 6537 9645 6648 1715 6380 3673 4497 2542 205 7734 4321
19 7952 1784 627 5540 9815 4318 8243 4249 7866 2665 6359 366 8896 6372 4216 3595 1164 3298 1064
17 4873 9851 3821 7196 2415 6331 1681 8067 5810 4681 7566 9448 2655 858 3853 2457 1202
18 1528 8073 6012 2661 6081 2885 2065 26 3498 7032 2095 5378 5936 9596 4310 2564 587 5791
14 7928 3170 6208 6985 3532 6584 5998 1239 9247 3752 8811 5796 1157 8047
20 1776 7140 5710 9631 5917 617 6927 3775 4764 9089 2268 4569 1136 7385 9096 8738 4500 5412 1507 4968
13 61 1512 6068 1208 3992 3551 8776 8242 1619 3716 1858 3069 8972
6 2176 7854 2795 6151 5202 2276
18 9752 6740 8434 210 3194 9127 2086 1820 9023 7216 1597 4614 1766 6770 4498 9088 6944 8433
20 2429 3188 6202 2250 9492 6082 1779 8551 7594 9592 8018 3511 7187 2028 5075 5867 1878 1473 6872 2508
15 1888 7546 2518 5291 9570 4944 4802 4718 9419 1329 2678 4174 2098 748 3533
12 3693 8020 9543 9349 3714 1017 8927 9739 1148 9290 4996 5443
9 8329 3647 3247 8920 9047 2493 1599 4013 142
19 375 5027 1630 4170 8157 7874 378 1281 7984 6345 6953 5475 5639 9553 2820 5935 7974 5685 4891
16 3055 394 4935 419 9524 6643 2406 6386 1875 5023 7195 9456 8180 2545 9601 5652
19 7956 4706 9806 802 7567 9180 2160 2377 7515 833 5073 4985 4316 7839 2303 2489 5330 7600 7906
19 3442 4536 2711 9030 1949 2394 2270 463 2037 4625 7619 1650 7852 954 1795 9643 7343 9915 5407
19 5424 2536 2957 435 2382 3026 2706 4347 9632 9015 9462 5801 2125 8685 6673 6153 5688 12 8941
10 9020 661 7876 9164 823 6422 5409 1693 9741 1855
15 6198 6656 8792 2497 6575 8742 9809 8854 4990 1914 3079 7755 3649 1782 2709
8 2531 7255 984 6357 2128 5534 5556 1339
17 6269 9316 3991 2825 5642 5457 7987 8976 52 8887 2800 4053 4290 5912 7053 1115 4399
11 8578 8542 1985 2989 2333 7790 8215 7473 8949 5850 7157
11 9514 3773 718 4973 2745 636 987 862 4739 1956 2055
8 4882 1372 2143 2881 4520 7584 6038 7522
20 741 3989 9078 7226 6580 1859 138 425 215 8669 8026 6906 1654 7828 9606 1585 1577 9811 7723 1003
16 3743 3197 5698 9633 9104 39 4667 3137 2413 471 7736 5506 3934 1172 6087 4277
8 7227 7371 1575 265 9650 7008 3665 8171
19 9619 2233 5856 9744 8609 354 2921 2241 2011 7939 2062 8354 2517 9840 6505 2839 4803 391 6260
12 3103 6558 4833 5920 4613 9923 5764 4301 7752 2488 667 9536
23 3253 2324 7104 493 1240 7442 7096 826 8510 7221 3121 2042 6030 6590 5986 8399 8753 9066 6598 6045 5111 4649 8423
11 4495 6912 2857 9368 9734 3161 4936 2226 7814 1576 4292
10 5881 4467 3145 2808 6396 1807 6183 3571 4295 9507
3 3281 2736 8070
19 372 726 9627 839 3816 8079 8324 1182 3465 1383 484 7461 5068 6759 5288 2785 7310 7123 2876
14 6961 6849 3779 9804 6026 7636 2543 3086 650 1788 5817 7702 5726 8898
8 113 6377 1638 5467 9745 605 4215 1301
17 8703 5359 7373 1601 9262 2505 3904 6253 6301 1371 4280 7932 2347 1085 5057 296 7002
10 9799 4208 1778 2713 999 6539 9760 1074 2188 421
17 563 3915 5803 6764 4800 67 5734 5271 359 1122 6773 2823 570 2628 4759 1691 4124
9 6767 945 4910 8464 7284 4564 2747 2604 7410
13 5235 2297 2741 5537 1790 3805 5286 7083 2331 1663 5647 1082 1848
17 6780 1221 9450 9118 9836 8760 2817 8741 3567 6863 1413 3634 4760 3517 2219 6136 5334
21 5381 1438 6128 7382 4544 1369 3879 3843 1639 8300 3449 5249 1854 6555 8639 8744 7304 2905 4723 3480 5244
18 6277 5213 5487 9602 3490 8042 6967 7569 4664 5380 22 1469 6077 2091 1623 9764 6300 2764
18 8962 7116 277 977 529 4958 8973 1045 4105 2192 9902 8335 7897 8114 6760 8386 7487 5125
8 554 2915 498 9209 4798 2330 4552 1555
14 1992 6502 7553 9255 3193 9516 2197 5877 5884 932 371 9396 8216 1254
14 1178 5830 2434 8533 3757 30 7935 5880 9862 1151 4191 1772 3656 5547
14 1879 6455 1260 9634 2900 7808 4274 9789 6619 4588 2094 8654 8185 2224
9 6321 8359 7400 6144 3917 5459 5745 9876 3643
20 273 315 8338 4657 8379 7203 3657 1612 4055 8871 2153 9237 7145 2721 681 2851 7214 9956 4057 8443
16 3692 2436 5089 2649 8034 2291 9751 9001 7231 8793 776 7405 6291 797 3000 2243
8 3321 1432 5778 5740 9942 5325 3797 2691
12 2015 3740 4792 6582 624 9554 7351 5355 5703 5960 5348 6
17 2986 6168 2780 2305 4228 1587 7856 2360 85 256 859 7068 8497 2182 3978 8714 7813
11 4679 2132 1634 3509 7192 5247 5762 3131 913 4563 1350
12 677 5654 9487 2635 1685 9963 2810 5910 2621 1622 3635 9530
12 6724 6135 3291 6862 7006 9849 3013 3804 5812 58 2010 9311
17 7141 6884 7975 2167 9037 9678 4643 7516 1891 2345 2966 163 7844 1404 1581 8959 9476
10 6822 9267 8653 9889 388 6515 5460 2253 295 2117
17 5885 3409 2422 6420 9654 1565 599 3031 3597 7560 4322 3563 1056 7 3492 998 526
17 568 8158 2401 4207 3370 5650 9158 2370 8749 4438 7675 4719 3526 9454 1829 7537 3514
20 1332 2357 2742 6634 9182 876 2558 5564 1389 5140 386 1901 5585 9883 2195 4488 6490 3950 5720 247
9 5860 4255 3058 2212 9663 9168 2185 401 5150
19 1978 8290 8346 4703 5816 4645 1106 9496 5481 8933 9408 8136 7992 7302 1748 8391 1865 4577 2818 