35 2993 5467 6888 736 3373 5520 8663 232 9055 4116 3520 1730 219 413 3058 6454 6178 986 7588 965 169 9564 3869 5620 6805 2363 2025 5819 6201 5813 5285 6435 5418 3642 7326
30 5371 280 4060 4751 4909 1124 5940 9761 1740 9909 5170 7703 7062 2629 2382 239 5541 4073 6825 5221 4270 3800 6818 3734 2189 2807 7537 5562 3006 9478
32 5588 9727 1468 4803 1239 9856 320 6994 5434 1248 8358 9090 9703 5281 5611 4749 8498 7221 5252 8119 5043 7127 6685 433 7113 7665 6273 7074 3727 8061 2634 6148
29 8220 5756 8492 429 1863 6283 5224 8093 530 5843 9158 3812 3646 2237 4845 6940 595 3031 5778 4269 3509 9449 1331 3663 7123 9330 7165 3107 9346
38 3042 61 2042 3417 5654 2096 2674 4325 8655 7761 3506 5689 4425 7712 3382 6873 2151 6698 5187 7881 1502 7832 1201 2023 9663 9840 4462 2784 1997 1714 5275 3779 3328 7966 2532 3829 7063 3082
33 1785 7787 8166 3679 6516 4005 7842 2609 9485 9648 576 4040 5096 2316 7740 278 3672 2708 1611 8626 4686 5871 9275 8157 9608 8302 2328 1576 5536 9423 4940 3422 5065
29 6021 3929 5669 4311 2914 8293 4221 7489 6979 2961 6800 4153 5699 6378 109 6508 6220 449 7437 5098 9509 8444 6126 6733 2655 2437 3459 6916 806
19 306 4830 2874 3519 3278 3405 7715 319 2525 5355 9807 3217 3793 1979 4613 9903 4681 8749 573
30 3516 8502 6597 3694 4 3620 81 7691 117 3544 2001 5346 274 2130 471 3754 2271 3093 4024 5025 1506 9004 6769 1449 7106 4841 3816 1027 9847 5033
30 2234 4760 6982 9366 6635 4249 5860 6554 2642 2908 8646 4444 6675 8284 2124 2998 7001 2683 1563 9566 7571 7565 5141 3823 9514 8576 4320 8708 3710 8750
9 3511 7382 6796 5529 659 5296 3500 2722 8917
31 2734 9435 8961 7235 7421 7060 9120 6313 6464 3114 6057 3904 4044 3304 4652 2325 5282 3543 6137 9217 210 4727 9046 8171 9867 9195 9386 867 6194 8359 8126
19 7418 4398 8936 4165 7679 703 1440 1735 8005 2892 6256 4032 4136 3134 9434 8255 7146 7018 6282
21 1472 8728 5023 8147 6651 9233 8378 8926 8759 7514 7591 248 1291 5630 3999 7497 1663 8411 6076 344 5548
41 9106 6845 1925 8934 5134 3735 6869 3731 4975 3934 4630 4229 5384 203 3315 4316 9370 1091 4743 5230 7265 5827 9674 2299 2319 8056 2871 5788 139 8508 897 1031 4999 1995 7647 7192 4619 3697 3008 2561 7207
35 7828 3492 5934 2459 3410 1430 3949 851 4446 9363 9750 8956 3806 6483 1819 3301 7750 2379 801 1480 9965 6608 9132 284 9108 3424 7551 566 6169 8731 769 9388 6149 7315 7540
36 2584 5895 6421 795 675 679 2313 5401 974 3078 4818 2370 228 3584 7919 3137 9047 6396 5899 1741 5708 3337 7685 9775 6158 9569 2978 4850 2063 378 8011 1255 9152 4963 4364 7688
26 6950 5030 5944 1021 4091 8841 8699 2531 5556 9990 5568 5238 4882 5106 1606 4555 762 7083 7959 8735 6886 7562 8716 2732 7477 7746
38 8598 6190 8543 544 2940 4777 4629 9097 784 7239 3556 7592 1839 9153 5687 9500 3055 9809 8512 8963 3129 5958 8414 7168 742 2676 5961 7567 2284 3910 2627 41 9987 8290 4540 5851 4625 2254
8 102 6152 7402 130 7985 5460 8250 7185
16 719 4474 2954 5997 7323 4262 1158 7017 9879 7967 7228 692 4984 4517 6667 501
33 7851 27 7397 6250 3746 5456 8494 9267 4158 3545 972 7213 4428 7589 7321 6375 7013 7564 1 4389 4837 3761 1945 3626 11 9661 9978 859 1266 283 212 2367 1766
32 3562 7650 5945 6304 8532 8389 943 7455 5055 2725 6318 9993 8821 3849 9736 305 3674 8168 3576 8843 6689 9626 829 1859 4463 7754 8535 8596 3719 6564 1212 9154
37 5919 6683 7109 9428 2912 4076 7777 8553 3882 9436 4396 8309 7942 8562 9490 9334 7493 1439 9264 6334 5631 8271 9901 8662 6131 9062 8408 9193 7520 4927 251 1881 103 2143 4254 511 4188
16 9861 1492 7625 7203 8873 9675 987 5413 5000 6367 1144 5839 7035 6100 5775 1616
32 9211 8545 687 4169 3781 2755 2966 4673 5177 9044 6523 1693 1226 1044 7218 4191 5123 424 19 8380 1475 5518 349 2991 1834 2862 2749 6074 5698 2968 5044 9932
34 7633 3104 7494 8415 8503 4217 2578 5724 3733 2689 2243 1899 636 8591 8446 8650 1171 1382 6111 4033 2485 3359 3822 2997 348 1984 7954 6592 1311 2778 8819 5473 900 5107
26 9670 8346 5008 4122 1192 9175 53 4703 4377 3803 1882 6263 4945 140 4203 2177 3729 7154 5711 4682 5926 7843 870 7270 7471 4331
37 6603 5241 5528 1036 2304 4181 4530 1592 5850 3430 670 6385 1419 5584 7531 292 6646 3759 3034 7167 4207 5037 5688 6739 3307 8344 1447 8648 2638 6366 9679 7090 5491 8978 5915 126 7260
22 5465 2351 5077 8464 4710 2049 7086 6036 4692 6079 756 4202 7373 7506 6605 3538 5358 5709 4783 1347 4954 2123
37 6638 6557 9459 4009 3118 7375 6978 2179 2320 7209 4440 3020 5894 5306 2056 1135 5540 3067 8087 9077 5810 5038 5986 4405 122 6913 7182 3002 8706 5521 9277 9642 7951 5513 2267 7348 6091
36 4469 3181 554 7014 3324 8053 2519 792 5353 5760 6328 2947 5514 8901 6365 4614 4509 4085 3371 9985 1850 6373 6259 2356 9318 8838 2285 3510 634 1765 9894 3962 6442 4866 9354 6632
34 9155 4303 5149 49 9592 3331 2569 489 6752 5439 5278 7401 4062 7767 7400 6434 8844 1490 7025 645 2660 100 7582 4333 7434 4810 9374 464 9020 5569 3120 6883 8298 6598
17 9738 3972 6482 3932 4186 9035 9482 4869 6836 4368 5505 101 6555 7255 9574 6066 5873
34 2381 9336 7611 7020 4084 6379 956 9936 8645 4562 9203 4726 7522 4687 5202 6998 5590 4043 8396 7510 9237 104 6122 7862 8456 9335 5764 7730 5805 6637 5280 7593 9782 5987
30 2191 5952 2858 6983 627 9096 8050 150 9994 5523 2286 3925 7108 7560 5581 920 8707 2806 7040 8230 2696 8729 2476 114 7101 7804 5216 2952 9558 6491
25 4581 523 336 7637 720 597 1011 3986 7939 7958 92 2235 3828 1142 982 6851 2312 7365 285 5468 853 6700 3218 119 6587
37 2849 7256 9304 9669 4355 2018 6866 6919 6300 5838 9317 5035 2656 6115 6665 1029 5067 318 3599 4693 381 3432 1684 7041 8705 28 5264 6342 1086 3838 4222 262 2054 2572 7435 1607 5877
31 6096 5500 4397 7183 5116 6556 7016 4486 5587 3427 9425 7580 1301 4489 5501 4212 3456 7290 6338 8610 6204 386 1780 7285 4441 1649 5143 1202 4848 5039 4705
19 5482 5262 6497 2365 6093 3811 8693 5318 1300 7891 7278 2983 1233 9908 7983 4667 2017 5840 1418
35 2822 3240 4957 173 8423 3678 4163 532 2808 2913 8448 259 4748 57 8362 3641 4740 6725 8429 2045 97 6529 725 2579 2856 9342 235 7280 7166 8880 2999 9968 8268 7908 1911
32 4065 7229 3503 4099 7699 5151 2775 5499 8076 6559 3167 323 1799 7973 9763 5718 8295 4800 2975 6083 7963 6568 9298 5715 5140 808 4959 892 7518 836 9860 7774
27 9246 8152 8017 4415 1855 2768 7149 4550 4341 4641 9254 8511 1647 3955 7300 4230 7200 9893 3231 912 1471 9401 9028 458 9744 8326 8739
33 8172 314 915 4458 8327 1631 2024 7526 1433 7745 8466 3743 1069 907 9877 131 8139 5464 3728 6789 469 267 5319 2336 6022 8533 7970 3760 9071 7965 3059 2791 6479
33 7245 1312 9202 930 4487 926 4831 3850 4732 5811 5290 7701 5808 1856 1706 3677 8702 483 3788 201 2210 4651 3498 1686 9065 1474 1943 3057 2031 9188 4635 9343 2149
32 5959 7901 3128 4996 5881 6925 5005 7436 5682 3001 662 1525 6230 6276 7190 1395 4456 297 5628 5357 6839 2490 4781 1605 1362 9063 8940 485 8554 2712 9927 7796
27 9141 9688 9584 2836 9804 653 8046 4948 1770 3587 7111 3675 2260 9247 3290 3798 8185 861 4226 6439 9810 6180 3046 6120 7262 6604 4731
33 8450 8267 9243 7115 479 9803 8454 6274 6162 1971 332 2924 2502 2520 8686 8007 8489 9712 254 2224 1495 7293 5814 5792 3154 948 7713 730 3355 321 9018 9404 7272
12 8078 2202 8026 6155 7798 3391 2166 5784 1541 2142 1310 8602
22 6056 2040 609 5367 7346 2010 623 7093 4499 7640 9333 7389 3994 7666 3493 9112 6532 8830 8272 2273 6217 1551
21 820 6668 1178 2897 5332 8371 9824 3220 9595 2387 3574 1403 4541 1743 4846 3652 2895 1484 3857 4871 6051
34 2717 7890 8820 62 5138 6747 5322 5904 5550 5803 1972 5606 2982 8860 5394 3820 6387 3261 2639 1164 7535 7085 2438 8202 7073 4979 7972 2691 8409 8060 4461 2594 8167 2994
26 5955 6578 4318 6910 1562 5863 7561 5748 9339 1683 3280 8907 9179 6941 1761 3944 5752 8818 5538 2976 3406 8305 1727 7194 3021 2338
39 1179 207 5837 7380 9632 3844 2051 4621 5739 9451 6740 4520 8677 9654 1405 9365 1046 1667 4258 2593 8461 4035 4475 7283 4301 7627 8806 4968 543 5184 6040 5582 5459 1361 4680 8986 1350 3080 7021
26 8407 2847 4568 89 8778 6284 1519 8787 9666 1225 7143 9530 7095 9341 118 1153 699 2065 2990 7788 6358 9113 1801 6810 8351 2518
24 3060 6543 5595 7698 1926 9190 1515 3722 3033 383 6296 7875 3191 2172 6031 366 6636 2824 1108 7856 556 9161 9109 9958
34 1187 1512 2241 3302 8261 8320 1004 7369 3905 1610 400 2055 9815 8832 5405 3241 1188 5800 3786 7681 2216 325 5841 7573 6381 9319 1703 4449 814 3197 8941 8387 6088 419
20 6423 2198 6245 5117 3757 7607 7117 190 5757 5100 2909 9156 6863 1582 3789 6401 8275 5088 8955 7807
1 8849
34 7822 9498 1768 6970 2756 9772 4677 3049 6299 9943 2194 848 9720 2651 7645 8938 8109 6692 9297 9405 9016 8767 7547 2347 6089 8449 1500 651 4228 1428 8918 6626 7568 6804
31 7324 5535 8523 3009 8108 6727 8488 8377 2207 7097 2799 1526 3515 1524 8337 9081 866 2549 3470 3650 222 5807 752 6782 8522 7164 2828 951 1106 2623 6090
38 2636 994 6871 9382 2352 2279 1996 6393 4880 4542 8499 521 359 9228 5848 5122 3477 4477 6432 1673 8158 247 9676 5754 8059 7657 7902 5728 889 2203 9579 2345 8317 1928 7978 6480 7049 6511
30 1566 671 286 910 9612 3671 971 4350 380 1602 6711 7811 2188 2984 1774 2369 1416 505 4654 9266 535 5866 4744 9379 7498 1869 3112 9962 2510 2834
40 7576 3720 1067 6258 7161 7232 304 208 3667 1917 6436 1679 7450 6914 8222 3147 189 2967 8341 6321 6968 6384 5672 8113 5602 2688 6107 9313 8075 6541 3438 818 4196 4820 5161 2371 4345 5227 6730 3708
23 8561 275 3693 7661 9087 322 5191 3539 148 2641 2461 8962 6911 3219 9582 9476 3796 2008 5374 1150 7854 1993 4347
18 3877 7720 6872 1349 4955 8866 4787 2259 3916 6004 410 9972 5234 9686 3111 8343 581 6974
31 6613 8730 4797 2777 5387 1429 5797 5693 9939 9457 3912 8150 8258 5304 1880 8604 8752 1642 7077 7099 9323 263 2022 1757 4755 3676 7223 3645 4881 6135 5738
29 9413 4759 4701 7979 2472 7528 8727 2762 1549 8211 21 7328 5169 8824 510 387 3695 8925 6837 1469 4164 3948 7119 8516 8682 2467 6038 7555 2659
30 2921 4766 663 1659 4083 5975 2558 3110 6183 7554 8605 4294 635 5493 9174 6058 8868 4982 921 206 6548 607 5629 2844 2942 5054 9786 9724 819 1199
19 4071 8669 7918 8134 3036 2677 3541 1258 8541 925 5749 8260 4021 564 5118 6684 6345 6156 4756
33 3387 1660 9417 5475 191 4436 2815 2797 3711 2175 751 5943 2292 7585 4860 2598 3000 2880 7913 1982 4403 6702 4038 3998 2257 6059 3607 4827 1638 5042 9882 5638 9600
31 9340 1824 811 34 2003 3367 3610 8176 5916 3195 1810 1083 4888 1092 7334 1585 865 6187 3004 3408 8633 7048 9766 4411 6929 9613 5918 1473 4585 537 9212
18 1826 3496 9037 6003 3172 3122 9302 8609 4478 5084 358 4691 7091 8552 5579 1929 8814 5504
26 3831 816 1060 4238 6658 1245 6419 1725 4413 9089 4129 3885 8643 761 154 3206 9605 9201 6797 2731 9947 3668 7424 5930 8753 7502
21 526 862 288 2640 5181 309 2138 9059 8680 8493 1450 7961 8138 3052 3597 8209 6467 8388 3066 856 3354
34 2440 1466 7695 3659 2186 1462 1681 6361 7142 3254 5142 3336 4401 1915 9628 1662 4471 599 3255 8086 1696 3223 8065 4267 2884 6293 8567 5725 5633 5471 4552 3769 3808 3143
26 2150 2182 553 3150 1644 8418 6007 9795 5236 8304 1006 5338 9541 5933 9369 9306 8104 8742 1951 2329 9916 4512 2249 4418 1298 7527
27 9351 1109 3533 5861 5012 594 4374 258 7429 9303 9844 7948 8422 3343 2341 834 1087 8457 3843 2618 8018 7478 5092 8270 6842 2386 8670
29 1769 563 4279 6748 4123 3186 3185 2415 7268 4243 8347 3127 9135 7882 4839 2226 8720 2133 6525 8923 2566 632 1580 8197 7319 1313 1503 4771 3386
15 6507 4634 6600 3260 9559 1961 7381 8569 7675 5183 6824 5040 9262 6939 7145
38 3145 8566 676 6444 2126 4302 3741 1299 9240 8723 3774 4504 8857 4547 4930 7344 5426 6362 5485 211 6487 9611 7710 3189 5328 6455 3712 9181 5996 7923 9912 9244 9687 1323 9650 9431 1627 3810
35 8786 7566 8710 8431 1554 3412 1165 9223 6212 5878 4432 3144 7727 8191 2606 1056 669 4819 2200 3325 3880 9875 3029 2222 8521 6694 942 8363 6833 8559 8165 1601 7861 8548 341
36 1408 7642 4514 6686 2738 9848 4004 5425 3813 5983 6927 223 916 1621 831 4312 2888 193 4893 7808 8082 2344 763 8452 3358 4176 6139 442 6408 1404 5559 6029 2059 6240 7886 5823
21 3883 3860 9791 6959 5516 5999 8442 2232 1098 8593 6856 9704 2685 8345 86 6924 1088 7273 772 3809 5445
16 1959 6319 281 3201 422 3898 9874 4730 2868 996 7468 8603 7815 5291 7941 6082
28 1048 9038 5446 7960 5911 9737 7955 8617 8976 5417 3321 7298 8560 7069 8975 1848 4070 463 7226 3848 3237 2709 6041 9398 5844 5789 4767 5644
36 327 8896 7015 3383 7384 4034 7485 3090 9461 4758 431 1980 7503 686 2577 7682 1170 2464 8223 958 2821 2181 905 4187 9693 9493 10 1716 1378 6920 6495 8225 7772 1001 3555 411
36 5801 1140 9263 2167 8754 3335 107 4117 3130 9818 7925 6352 6701 3132 1392 5971 1832 9021 4648 7079 5853 1561 668 3691 712 9508 3352 8779 4571 8979 497 9765 5928 4256 7775 6787
42 1587 9913 3579 7516 9806 2013 4983 2295 2637 1411 8638 8912 8943 7525 8721 9043 2903 2666 4855 3657 6930 8401 3319 5186 9922 5444 3342 401 8071 9722 316 1061 2812 7711 5261 9148 7968 2119 1399 9873 8392 1445
32 3709 7006 3878 4088 1398 1907 6242 1547 7054 7916 2989 8877 9529 3434 4612 2977 5761 522 5270 4146 335 302 3688 7618 1800 8081 9023 7553 7004 6390 1773 6065
20 9054 5503 6623 9966 8751 7430 2843 4990 9796 8732 3837 3113 1845 2662 3967 2733 8361 3689 6465 5286
38 7674 2996 7011 3044 9073 357 7144 5229 5323 939 8486 2083 6893 1618 9280 7509 2114 8148 1054 2219 4522 5640 2131 1884 9125 1722 5576 293 8905 7461 7714 6907 6709 638 9828 4683 7934 7690
32 5325 1691 6294 7638 2384 1197 3536 6966 1373 7110 484 739 8483 6697 4435 3464 5027 1866 5546 7737 3125 1366 423 1110 4012 7583 3946 1333 5215 7246 3474 4791
36 5455 7760 4447 9957 7636 2479 7870 1160 8263 6535 4500 8330 4290 9072 5200 7532 1070 9214 3013 1231 1565 3973 4464 1432 2102 1481 9948 2896 4490 7991 2448 9991 788 2530 4063 7756
33 2146 9460 6935 2614 2323 3755 3997 1368 9437 1897 7330 9375 2062 933 9466 8248 7242 4199 2300 3073 56 6124 3329 9473 2898 2109 5515 2214 6932 3421 953 1851 1315
37 9058 9594 9031 2793 4503 2599 8613 6922 7980 5683 4231 2158 8840 7484 8106 6025 4919 643 6696 9325 3927 955 9551 646 6127 5335 562 6834 3053 7659 1900 3752 9253 4666 6533 9505 5489
36 5604 3452 7031 1983 82 4817 7719 2536 7317 356 871 8369 1292 1698 5073 8149 5842 1221 8996 6009 9567 524 6469 7211 3874 2190 1731 5660 3157 9563 6068 2915 5021 1690 5273 7652
24 8544 3581 1125 3126 2201 4553 4950 793 8206 9309 7860 7184 8757 1336 705 5616 4208 1355 3374 2282 3351 2533 7413 5593
27 4768 4662 5555 6928 5668 8204 2873 1093 1521 7988 7338 6186 6225 6672 9497 3819 7809 157 5248 9998 5980 342 3768 4234 6370 7445 5589
28 2368 2711 2583 256 5237 9079 3696 2608 8673 74 789 3481 9771 4375 9216 8115 782 9256 30 4883 1026 8032 8002 4702 8895 2441 3444 1508
29 4077 8339 9699 3582 3992 9777 4307 134 8649 1477 4638 1309 5768 7459 6298 1358 700 3370 5363 6801 8632 2454 3450 8736 9134 3173 5970 7654 1397
38 2603 4960 773 548 3027 4239 5298 721 8421 1674 2334 5406 5146 5314 7387 2857 5497 2354 4371 7587 938 999 583 8233 8331 4102 8998 6560 2302 6499 7521 7930 7029 3349 4832 9410 1778 2288
12 3155 8085 626 7358 6032 8193 8884 7974 7299 6182 7102 9011
18 586 8121 4769 8438 979 704 5637 9078 3770 5382 8245 3817 5661 71 5600 7623 5947 5443
35 4114 2550 182 128 1756 7416 6211 8726 4282 6409 5159 9733 7784 9973 4293 5791 5441 5854 5962 2837 2753 9683 3602 5554 1803 3792 4198 2117 6858 4741 4061 6784 6012 4518 6821
34 1813 6461 8592 2752 8766 5744 9439 1149 6750 4388 8122 4844 1436 4132 6908 5265 1068 2466 8837 7823 2754 4618 6645 4816 5992 5765 2694 5337 1316 5398 2487 6320 6830 5674
9 8724 9157 4390 7098 2628 5656 5946 2104 3014
32 9145 1788 5846 8797 8130 3050 6822 3881 5079 5010 8914 3388 2646 3379 4591 6456 5974 7663 844 7656 5746 4149 6963 241 9576 9143 8916 7801 5591 825 5561 2436
32 3766 8039 9695 5914 2147 682 5547 8862 1960 924 7696 2704 5104 2283 1571 5340 4653 2449 6458 5155 828 1685 2926 6577 426 7741 1550 7839 9544 7947 6413 2423
40 9053 3233 5097 9743 5675 4480 5910 2555 1923 1138 365 3513 743 4110 6690 8628 3484 123 7308 918 1461 3463 9570 2798 7433 6682 4939 2002 3861 9101 6478 4905 5386 1820 6397 5712 9645 845 3504 9604
27 8725 9858 8432 2169 9836 7249 908 6500 7467 4734 5862 5235 2116 5830 7157 3269 1452 5732 7779 8614 4946 2839 8198 7956 6297 5762 1989
34 3590 4660 3698 9052 5313 9467 7296 22 4306 4647 4533 798 4179 3981 3568 802 7236 4738 2112 5641 2035 5888 8428 4426 5571 4664 5985 1939 4981 2357 5375 5029 6647 5453
32 2378 9227 5129 7543 4304 5857 3858 9660 2071 9420 1622 7082 2882 2015 6726 5447 2407 2113 3615 8839 8208 1992 9834 7140 3655 732 6431 7332 9517 9778 8953 4698
18 6392 2607 1896 4802 9817 1795 4309 3103 1485 1797 7709 6609 1166 3453 55 9060 6624 6166
25 6599 2795 2649 5472 3462 5207 9033 6995 3292 5867 6990 2331 252 2580 3673 2160 6053 4584 6490 4762 340 8402 9995 9192 3952
29 4115 1143 3119 6278 4323 8478 6944 6606 2891 8335 6728 7118 8883 4120 8095 9409 5331 2246 6505 1733 935 1513 7263 9377 661 1470 1305 8898 7341
30 3363 4494 2293 4126 4393 5348 9745 2574 4385 6236 9883 7291 7466 4988 527 2877 9845 5132 3108 5095 9794 4525 9587 744 1930 1181 9542 3148 6755 4714
33 4661 7744 571 8651 2840 7349 9133 1253 7105 5429 2100 545 3721 5080 777 838 1719 5519 9525 4010 4911 3732 6346 7548 2240 4729 3045 7281 205 4237 2400 8715 9837
31 295 5049 8073 8625 1745 3291 1854 8897 5763 1849 2011 6976 5905 9792 8886 9177 7238 6438 9560 1296 1324 3593 1782 9503 2088 3840 7926 4956 2582 9941 7414
31 3153 8952 7219 1422 6113 5868 8954 8006 7878 3243 9554 4588 2509 2887 2495 603 1294 1094 7075 4335 5790 8133 755 7684 5179 2081 6899 7052 7289 6222 891
25 3873 3198 1425 1556 9685 8885 629 9241 147 6859 3281 8741 1219 2955 8131 5329 1244 9458 6996 8871 7615 3512 1351 1640 1903
34 8709 5557 8125 1751 7648 2965 8701 5714 7347 7392 841 6584 8224 2522 1402 7990 799 5330 3096 8459 2742 5089 1570 5341 2434 4105 1396 8244 1464 5317 8945 8180 5269 7010
31 6130 9826 5903 6416 5696 779 5726 8368 2918 9235 1302 5887 8874 51 4130 642 5018 2080 6192 1879 4943 4177 815 8534 1632 536 9929 5078 6549 1569 9206
30 835 2823 4349 3914 2535 8584 7406 1340 6764 5028 2373 1168 394 1261 6749 5727 9424 8051 4656 4482 5131 5799 4670 2073 3497 770 296 6264 2783 5921
32 7138 8504 7569 8851 6092 8530 1412 7872 9362 8398 1883 4679 5192 7935 9116 6486 4602 1137 5652 4750 1117 6144 1107 2619 6909 8770 3649 5685 3024 8514 2528 8618
25 701 8299 9538 7331 817 8910 5901 33 2410 4247 4579 8153 997 1695 1097 8020 7912 6877 3244 2974 7940 3966 8102 8010 7197
28 558 5130 5492 6890 3005 2430 7603 6985 3277 1023 9300 3893 7431 5956 514 7999 812 3713 5677 9759 1509 3906 1270 6332 4135 4685 447 5193
31 9215 3704 7448 3064 5612 5896 4495 456 9477 437 5700 4941 1002 8558 1176 6114 6253 2220 533 9252 4700 6807 7813 9928 3245 2180 4366 181 824 6952 9969
24 6430 94 3551 7475 9755 9984 9268 3266 7068 3454 3377 8135 4113 2605 1514 520 5019 121 749 5032 1672 7805 202 2084
14 3265 7343 3258 5794 6150 4784 2057 3821 5510 1548 6760 7762 5111 5165
32 2223 4481 8120 273 4622 7723 9955 1222 7981 7680 6233 70 7039 2548 4376 6780 407 1376 9709 3263 46 9102 8557 3309 9652 372 6 6011 3936 47 4699 4678
38 5260 1130 1348 3501 7191 1465 5542 1055 216 1932 7240 5570 1032 7610 8859 7432 4825 7150 1146 2540 2949 4970 9295 2910 7635 7783 5676 7137 8163 3023 195 8935 6972 3138 2850 3159 6017 1921
35 7609 8590 8903 8594 6105 8365 499 177 1081 168 7131 5963 4823 3360 5427 4420 4676 3639 9624 5617 807 4863 3969 3924 5753 2588 5624 3559 9124 1626 4580 6028 4058 5365 5392
40 7205 4878 9104 6046 5553 8234 1016 2801 3804 7751 6163 1020 5597 6648 6449 8536 600 1936 8338 3389 7499 8425 7141 8608 9944 1334 1077 1072 5437 3257 9881 8823 5795 2571 7731 937 1327 6561 277 6216
31 6781 6664 3919 9123 1998 800 266 5879 4292 3797 2255 1920 3705 9381 9729 6786 1050 4557 5194 2277 7444 9176 9450 5101 9900 3457 5507 936 7153 2504 7649
32 3039 2517 405 6265 8471 8575 163 6854 8274 452 6582 3314 9618 9160 1873 4598 6743 4072 4899 7170 1251 1274 7895 8323 9074 44 5466 2501 6184 6404 2456 8395
30 7678 8595 9136 2069 6234 291 6322 1760 8375 4566 6615 2233 204 1680 6918 1206 334 8352 4160 4448 48 6453 5663 3294 2905 4908 7457 2779 1486 2516
34 929 5939 9257 1014 9128 2239 8765 132 7866 3299 9491 2601 6344 1694 5420 8892 8989 1102 1721 9959 4277 4488 4232 180 1625 6020 488 2773 9146 3687 1947 6867 4735 1105
18 9832 8434 417 5127 1175 8237 8966 2106 9864 4452 1777 3156 5045 8760 84 6954 5913 2014
35 1568 5156 850 9489 6634 2771 9725 1326 9126 1688 9979 4873 9833 6735 9411 8630 4843 3068 3276 6054 1180 3564 9638 4242 4485 3084 6086 3239 4291 796 9615 1739 2804 3071 8636
38 8141 8364 4754 8949 6767 1236 590 9565 9186 7078 6795 8215 1825 6693 9278 8038 1249 4167 4027 3204 6712 9801 9746 6641 7454 137 5649 6799 8747 1682 8146 1263 2041 8574 4923 6732 2155 9784
36 577 1204 4433 3656 1909 1278 5585 1264 3262 3982 1147 3974 580 8124 7124 5076 3184 5060 7632 5061 658 8181 4849 8014 2865 1527 754 8058 8803 2776 368 2075 8240 6942 496 7456
26 5835 2156 6231 6102 873 7538 5759 9885 3105 1708 2278 3418 2568 4453 4372 2192 6987 155 1019 783 9293 7631 7885 4875 3634 6172
30 962 8207 8399 6168 1250 589 8718 6470 7755 230 5508 715 6862 7838 9068 2404 1308 5804 4424 2206 4496 7210 1213 2941 4513 748 767 9603 9167 8088
8 4804 7545 5195 9811 1600 5020 5052 1784
27 8854 9200 9933 8324 1421 6815 7621 5022 7513 7541 1132 3146 4914 7237 4218 8761 5356 8200 830 5212 6336 2362 6285 9137 727 6047 3087
18 6669 6001 227 1037 874 6459 1260 6452 8798 2136 9619 1895 4064 1709 6018 412 7962 4128
32 3075 9447 7351 6237 5360 2710 4358 5512 2832 4835 4081 680 6591 1830 1457 3605 6146 8336 8186 370 4991 5362 5745 9114 1687 1119 9698 4380 7837 7921 6142 9204
26 5370 377 9361 3921 8049 5968 3851 9540 3644 9781 1370 2931 560 1034 8332 58 6670 367 2462 9469 1033 1058 7366 5626 728 217
33 8946 9484 2394 2298 771 243 7671 5070 1861 6590 6849 9010 539 6426 8597 5924 9040 5614 1584 8379 8869 5722 2317 2529 8308 5702 2211 6783 4561 6371 3038 3529 7559
39 602 3288 1247 108 2252 421 3283 4788 8791 4524 8687 8238 1074 7032 4582 2852 8775 6457 1482 264 7307 3047 8029 2929 2592 347 8600 8748 5243 7490 9291 9865 7508 8077 1615 9580 5953 6843 6246
35 2163 3025 7251 3560 1597 7482 9165 1198 6128 3480 1759 5277 3835 5964 9051 6951 8807 4570 3884 2453 4879 7646 1065 959 8229 5190 5380 2405 2885 9045 1295 371 3530 1793 3116
27 934 9960 5608 6961 4050 684 8462 6267 7880 3192 8904 6412 4281 954 9672 4637 4815 2364 2488 2164 7325 9234 5004 5824 9623 8192 2980
22 5524 4264 7419 3546 6354 115 4180 1853 2869 9617 716 1710 4595 1084 1234 315 3613 9364 8690 2964 6761 6327
24 9475 4616 9229 572 1904 8506 2707 1792 8988 8764 299 8313 8291 1116 9656 786 8427 9819 9221 6654 7729 8132 5681 8314
37 45 6765 9884 7790 7022 690 311 2176 8689 2547 6707 9821 6882 3246 2428 6450 6545 14 4868 5927 3445 7797 1157 3338 3990 4036 1017 8542 7616 7791 3041 1385 5780 6633 1268 2494 3595
27 3249 7132 9887 502 7383 9027 6719 143 4813 9024 7556 5594 6884 985 4812 9758 6589 4206 3658 6903 7933 4265 5232 3943 616 5586 7917
44 2870 7148 9443 3471 2971 1505 1575 4096 1593 6902 5639 3100 6572 1096 9917 1889 5442 1303 3685 2675 2082 3942 7859 9355 8373 1828 4118 2128 5931 5288 4928 3617 4563 8531 2162 5009 5402 9285 860 9422 6161 1875 8096 3767
31 3592 159 1898 8793 550 3313 3402 1933 2121 6174 2348 2315 2419 354 8563 9429 2458 2958 5902 3469 8772 809 1237 1981 2523 6823 4354 4707 7747 4977 6207
30 1134 3968 839 1924 1139 434 375 5990 1487 4215 9996 1894 5268 5730 7626 398 7064 3549 8525 3739 7224 932 3841 9082 6503 4224 4793 8774 7533 2681
14 9988 4057 8297 7335 6474 2767 952 7721 6816 8968 4134 8477 5222 7005
32 7782 9662 2890 7309 3598 9416 1123 9963 1542 7441 7195 5124 1003 8482 3393 7114 4213 7795 3971 303 7975 3007 438 4668 7904 4173 3699 2796 1728 8879 1864 2388
27 6570 1035 3316 540 4560 593 5435 1322 4048 689 6567 6364 3228 7824 9871 9222 8509 3003 3026 8283 1886 7248 507 8420 3397 346 1628
36 8579 6785 854 7864 5148 1612 995 6460 6948 9464 2551 9552 270 5982 1537 1654 7848 5655 6087 7067 8570 1902 9305 9680 7897 88 3842 4936 5870 3289 8105 1184 2781 2134 9799 582
38 3636 6257 1364 5938 144 5423 4192 8564 8572 9172 3037 4289 5121 9526 7873 6581 8278 3502 6772 3692 1122 3376 6792 2473 1159 29 5932 8188 9572 4367 547 3601 8501 2380 3106 6133 9510 4361
25 7653 4801 5334 7969 1890 8277 3238 8460 5969 9593 2946 116 710 805 6399 3801 3963 6075 7193 9064 451 8771 7066 1367 6301
34 2635 7662 5041 7871 9522 1520 4966 2343 8001 3018 619 833 8507 5847 4601 2973 5820 4351 9681 1057 6649 3056 1246 4894 5164 2159 146 9536 8393 6534 480 7726 9767 7174
32 3216 5388 5973 5545 9184 3182 2562 3683 4929 9976 5647 2546 9673 1840 6512 7570 7350 6691 2750 9926 6536 8635 8763 6631 9025 1543 127 2902 4586 8443 1185 2103
24 1641 2086 4937 5128 3455 158 4694 8737 9986 7869 9274 790 7776 7199 8990 9098 4106 3253 7428 3773 1230 6937 7269 9472
37 9282 3247 2332 4018 6485 8417 2591 6652 4799 7629 9260 2735 9127 1589 9651 5219 4161 3894 7385 5531 9471 4299 3248 6314 1775 8101 6723 1183 6659 6838 8110 6377 3985 8353 9555 1099 4916
25 4904 7735 23 8012 4394 2794 8441 8316 2538 1423 1724 4565 3121 6388 5495 5572 4770 6803 1463 4445 5872 3542 374 9034 1518
36 9328 4632 9951 2140 5713 8526 7800 8000 9006 7415 1630 9906 6129 9448 2671 8578 6565 1918 7994 2229 6894 7971 890 6477 1966 5981 113 4287 8846 1634 3092 1916 2556 7655 9481 9418
34 2417 2496 6475 7724 5263 4910 2358 1042 1243 3558 8812 9798 734 7893 1535 6714 3109 2899 6958 9614 4725 329 7274 898 3135 1375 2248 509 2308 852 8743 5178 2587 5208
29 7937 3632 328 498 6493 7986 5578 4127 9855 8666 7258 2845 8882 1887 3043 4865 1624 1970 3738 4245 6852 6848 3483 7360 7595 4798 1762 172 946
32 6428 7539 450 8003 8833 2036 555 2770 4953 7056 909 3700 3271 9596 5003 6232 4649 3915 6095 7303 4484 2987 3426 1538 2095 2866 6901 575 3664 9829 5717 6179
35 1808 3832 6879 9236 3524 7393 8036 9949 1307 2230 6210 8413 6763 3926 628 3446 7012 9344 2727 6195 179 1335 6081 9691 6579 6981 7523 9170 8117 5950 3308 2099 4235 7911 3232
35 7426 3899 9352 8906 2633 6710 7464 4833 4383 1742 5817 2645 8329 95 5567 884 2173 8827 7479 9230 4508 5892 4283 3627 2883 1790 1209 2819 8376 1071 5621 9349 362 4789 6202
27 5383 457 5965 9219 4200 5144 3443 6703 975 8848 7693 2061 9634 1986 3194 4689 9739 3449 4098 8107 4886 4142 9938 7092 614 4319 5665
20 4052 1539 9075 8118 8829 4386 4248 9537 8285 3619 2409 3341 8213 4720 2397 2842 3065 1553 8942 7378
33 3922 5326 6756 5226 1257 9147 1689 7356 6708 3608 3606 8455 4546 6757 6380 8288 2945 17 8984 6949 4606 4308 4427 351 7354 9878 7604 6921 2385 1079 7362 9163 6614
32 8551 1062 5564 6463 9224 9150 4001 8865 6167 2687 4575 2132 4792 6357 3548 8861 7989 9389 2759 1063 4280 6323 2564 9717 6110 6967 3690 1844 1384 7736 9859 50
31 5062 794 7405 4483 4997 4124 2050 7830 2092 6721 4011 7058 3344 4737 2972 8155 7964 3976 5283 9245 2934 7501 5599 2427 9524 1393 6008 5859 7178 98 6422
27 9445 8983 7496 8586 6374 7177 167 9407 9272 888 3158 8588 1207 8067 2120 4696 2390 7792 7051 2816 3750 8252 1857 1878 6832 3196 6153
33 8424 750 8568 4259 1779 2736 6794 9121 6817 4874 5822 1749 5279 7766 2044 3879 4925 6414 1664 5646 5731 9999 6759 9005 6023 2443 186 3478 5560 3661 7386 9904 8236
36 5634 9764 5865 9732 7026 3139 6753 6341 237 1544 5993 4288 8796 9232 2979 2432 3193 9528 9345 5605 4663 8069 4772 298 2079 4039 4416 4877 1937 31 166 1891 7850 1653 9556 694
17 4473 2855 3951 6504 5126 606 9622 7473 7802 584 4357 967 4285 797 3221 8485 8510
7 9742 1285 5185 9019 6073 4636 6731
21 681 1764 4338 1066 2305 7867 3744 9549 3847 4069 7379 9324 2788 1545 3791 8008 4284 1126 6143 4244 1781
35 8404 9850 9940 9956 791 2129 8022 8517 2281 1304 4095 4431 7906 6098 9800 4276 9830 9419 8847 1910 3714 9142 4709 9682 4000 8622 983 6943 1705 8582 4548 282 6061 4747 5723
25 1817 5336 5984 9787 5109 7519 768 1344 5302 2064 8993 620 753 7059 9372 6272 917 7888 5081 9671 9897 8524 8091 8881 5558
33 6227 7487 1040 9131 9042 1560 9790 9258 4942 2673 3151 6738 9308 3908 1444 2076 6612 406 3609 6451 6521 5487 5154 6045 9749 5099 708 5609 8037 7474 869 2661 4644
30 9814 3643 6889 1737 2664 7259 4889 7765 8055 384 1321 3199 6892 639 6594 2714 4610 4321 2321 9480 3600 2932 1922 542 9539 1811 8520 7156 2716 8589
37 7320 5908 2012 4529 1025 5883 6099 4089 9442 3364 9664 8659 8035 6024 5450 1145 7271 7700 4438 4752 4133 5923 6219 7420 8280 3070 6241 7619 3706 787 2311 6203 2911 7008 5002 4111 8799
39 2805 957 2803 7694 5751 4716 706 6411 402 6295 4025 6160 5407 3286 5818 5395 5162 8094 3983 9290 9598 183 6758 5651 8016 8704 8173 4569 7139 8811 8555 6717 6360 491 6094 8539 6969 3870 5486
31 156 1141 2830 4757 6655 7707 7367 9907 4887 2391 4356 6473 3785 1360 8253 1908 3416 6809 877 7112 9757 1613 1013 72 9088 6934 7686 7818 9667 5527 9710
39 187 4753 7186 6687 5653 8745 4400 215 2258 7605 2238 6312 4898 8159 5249 5890 3011 9283 1536 4059 1224 8269 8300 4806 2831 5364 8951 4209 5016 1957 2938 6308 9080 6266 2670 5481 6663 3531 4576
27 7643 4246 4773 2916 3268 931 5051 6826 4545 2303 4684 822 2539 4511 4723 2739 2060 2658 5484 5287 3596 1426 3566 4216 3270 6080 6355
35 4078 5703 2090 1407 4151 4476 3489 2403 9499 5133 3794 9012 6145 403 7620 1458 4332 2484 1973 3473 3433 6193 7716 160 4912 8647 1978 6325 2505 6052 2067 2925 5410 3375 63
9 9561 551 2512 5436 3091 9690 5951 4266 5352
22 6885 7047 1807 276 2595 1668 7672 7076 3317 32 9299 9616 1488 7676 440 4498 268 6777 8580 151 3725 1646
26 6042 3640 8890 60 5251 91 174 425 4931 8145 5259 1223 7953 4414 3886 481 8054 246 2787 5995 5305 1546 1812 2537 5747 6762
13 3660 1186 9606 1758 919 5525 3783 8463 1802 6277 5659 6820 4519
33 7833 2414 4236 1746 1024 2085 4628 8281 1804 6522 1167 4079 6472 5059 8889 5480 9057 1892 6846 5643 2272 7821 4528 876 7505 8043 6415 4384 9452 8092 2956 2678 4171
31 493 4107 3665 656 3903 1049 3347 7572 6676 8264 2477 9854 7374 4822 7753 8350 3435 5438 2500 2757 6306 6326 6678 5458 8312 2366 7469 9205 7799 7717 1279
25 654 1752 6931 4951 69 3612 8518 257 6033 301 8616 9769 4045 2800 9931 7266 3526 5217 6602 25 7094 192 5787 6513 6650
12 8315 3537 9665 8251 2318 7462 7409 9793 9677 2262 7758 3740
19 4935 3756 9520 9678 7408 9394 2867 5701 9249 2019 8066 1619 7780 8664 9331 1372 695 6887 3369
20 7613 698 1842 5153 8950 7361 6437 2489 685 5935 3565 546 54 2355 3686 6406 2615 9326 2287 7159
30 6229 2297 68 8717 2350 3680 73 5912 4015 9762 4348 8700 3508 6586 6238 5834 5108 2682 2970 9400 823 4733 3141 7121 8218 6881 3366 9697 3554 7368
22 6812 3235 8027 9385 7579 2425 8587 9162 5977 6270 3017 9715 6771 1841 3098 8247 6506 8416 3074 6542 4097 3436
18 1577 7639 6610 6382 4976 6481 1229 3079 3203 2322 2917 3494 9964 3124 490 988 8888 5381
41 445 8472 7395 7042 3350 2048 8445 9629 6580 4313 8328 9393 5090 7345 5694 1371 6878 8915 4851 9609 1713 8242 2492 8367 8671 6140 4711 8064 6642 9259 8160 5686 737 9208 5809 4872 8070 8187 3956 5779 711
28 7914 9248 747 7442 3845 289 5036 6191 1935 1962 6063 989 4838 6905 6039 9701 7398 8473 8785 1699 7905 6209 4108 4450 7903 8631 5690 4901
26 3448 2766 9820 7931 8123 648 9728 1919 781 6915 153 7053 4549 6518 887 1338 7495 4778 4225 7920 1455 6517 5300 2197 8487 4353
24 5832 7313 1805 6864 1203 7944 1836 3887 4241 9173 9502 5852 7491 369 903 6494 7578 1190 5103 260 7786 8863 1827 7977
28 7277 5233 7793 2482 4926 9980 5058 5925 7840 8292 4003 7038 6860 886 1000 7928 8142 5972 7763 6953 1581 4924 9512 8340 7302 7100 4947 3083
29 7080 9360 7030 8547 5598 5522 8620 2027 8458 6329 5397 2474 3310 8826 8334 1498 7130 6048 4328 6768 9426 3414 1633 4608 2718 9001 2848 2481 2585
22 9872 1573 9992 2524 9378 5333 4250 221 8970 9547 7217 3621 7070 3787 6391 6136 1115 8776 2444 3540 8816 969
2 9191 8995
30 4119 2418 7552 6936 8072 4627 184 5772 7036 2760 8296 3975 8722 7104 376 6228 1052 1496 379 963 4336 7601 7517 7617 2268 3589 1991 3403 977 4915
22 2098 4574 3911 3312 8381 435 3320 9835 5412 2935 7007 1483 9367 3441 7310 7212 2309 3594 2723 8161 2515 5858
35 333 8057 6488 188 7120 9130 6563 4286 4104 7327 2748 8256 9149 2511 5119 6705 6674 5994 7844 3896 2193 1876 4847 1591 1075 827 765 2669 8169 8685 9713 5196 5276 5372 8619
38 5014 8440 2000 4006 5171 9937 3346 5596 4672 902 8974 8878 1172 2465 9118 895 8780 733 3535 6315 5773 9726 5920 9000 1078 142 1912 9301 2294 9934 427 3451 5618 3305 7422 4014 849 2507
26 3353 3865 9093 7312 4603 382 3401 2125 8221 6302 5573 5385 3737 3372 7034 9550 6583 4150 6324 3859 1629 2306 5845 4339 6279 7577
30 3491 9627 9625 4183 6389 927 9231 5189 7336 1867 4892 5874 9 7276 6895 3939 7932 1645 4572 4439 7825 9639 9086 1497 4505 9032 6524 2620 2879 5666
31 6440 5057 5324 7529 170 4455 5448 515 6531 4599 7612 2324 9312 8773 9981 2026 6734 1901 9519 2471 3572 1874 8515 8695 2706 1022 4674 6960 1946 2630 9577
26 3117 474 612 8565 1051 3518 5258 3941 9359 6644 2653 1346 6965 2684 9171 7749 8354 622 8451 7128 1454 5391 731 5734 3404 696
24 6198 9714 3210 6729 3867 3177 5802 9842 9575 2923 4992 2724 4578 2424 9479 2199 6593 1479 1281 6828 4412 9748 9866 1651
37 2038 7855 1893 3681 7581 2963 1080 8615 1293 8924 9315 9084 2274 8794 4774 5770 8390 2817 1409 3978 5419 5150 9779 8403 3357 7198 8676 8853 3224 8112 2393 3993 8893 3345 7997 7841 8696
27 1386 9718 7222 6200 9506 8733 1059 199 8769 4402 863 9534 4056 9783 4987 7160 1478 3591 6774 2072 7683 8845 2703 3583 6639 1954 1596
38 9371 688 5967 8286 7279 9752 6125 9825 9961 93 3604 9853 8476 8013 3825 4028 8661 7549 9455 3063 2326 1391 9659 6946 7879 4359 1394 8301 364 3726 5359 2264 7152 6305 2959 6496 9841 7936
25 5552 1271 5462 4046 9640 443 3703 9585 3170 2161 5074 991 1988 8939 5339 3133 3996 6335 5615 486 8981 9586 4502 6865 6405
24 1999 1833 3169 5721 9797 3950 1053 7728 5706 4722 9898 4190 1427 6188 7407 7706 2695 5806 6526 9316 3550 9711 1343 1528
31 5876 570 6754 2244 3259 5574 9753 7163 7835 1256 9862 7443 6993 4918 1453 5978 1567 8226 3085 2270 8537 3252 9026 6243 9649 7169 2360 894 3938 8068 4895
17 1717 9740 6857 3385 460 4573 15 1095 9546 6309 1337 8810 9705 3467 4516 8932 7162
24 2995 8143 3322 6123 5201 185 4251 7748 1121 2183 391 2590 300 5347 7072 3390 922 4779 3616 9630 5295 2792 7357 9239
21 8644 702 6280 1131 6218 468 4334 161 7188 2256 1047 8319 1240 6443 8674 1288 5774 4775 2936 233 2451
13 9581 2713 1365 473 5424 2679 409 8894 2943 1182 2148 2859 2790
29 1434 9488 6553 2960 6037 8318 9412 2826 225 6060 1968 475 4421 3400 6104 8480 3419 2625 6880 8382 3447 1877 3214 4973 3653 287 2431 5007 7215
17 42 3827 1275 3953 9590 2359 3019 5157 7316 9658 2552 6706 9050 1953 9945 8929 4721
37 482 8447 4507 6117 6445 6766 2429 7028 901 9531 7243 4223 7785 1128 1870 5048 7831 9196 3287 4623 8023 7023 9083 3140 7254 5735 5011 312 5408 218 7810 9041 7938 950 2809 9768 9770
34 4891 601 1831 5537 3866 3702 3275 5351 1269 4178 1723 8813 2416 2589 2730 9091 2508 6106 4470 4609 3852 5034 5929 7055 1583 4008 2422 2094 12 1010 3970 5361 1990 9307
30 9049 436 1437 5917 1835 906 9115 2950 8322 5900 9187 4423 5135 693 5565 9140 7129 7103 7333 8703 1332 4536 4971 1669 2376 3168 3062 8216 6173 8629
31 5160 338 8992 7045 2457 8325 3863 6773 3730 6026 6398 66 1383 7206 4645 8041 7314 7634 8809 757 6316 2612 5017 978 5110 8987 2881 6722 3202 9918 7534
26 3183 446 9891 1152 6912 2439 3326 5274 4055 9548 9110 4417 8762 3437 2631 5741 226 1702 6043 6067 8136 7600 8836 4459 6835 2107
27 6330 8128 4807 7976 678 3267 8746 541 9808 5642 4493 4143 9511 3751 8212 1388 2575 7465 8433 857 4531 882 8228 3468 8768 6656 9527
16 4523 1734 7458 961 9095 2236 1341 2700 5750 5697 2483 2115 7125 1227 8265 2497
23 2446 1387 26 8872 4697 343 7065 9495 194 3648 1218 6206 947 234 7126 8599 2231 1195 1732 8303 5267 8922 9198
26 6197 5476 8052 4152 949 5228 80 6562 9314 1643 3670 8144 7877 3622 2811 6418 7171 7558 5239 9553 6964 6571 4491 4154 1041 6420
26 4967 6214 8080 40 4219 2353 1969 393 513 2853 7993 4665 1329 1948 1847 3028 7088 9421 2187 3814 2663 1941 9920 7550 5271 3032
29 3123 1846 5247 9702 6000 2221 3205 4273 3780 3784 3742 4047 4515 2408 855 6291 7586 2077 6653 3552 8491 4451 9432 4876 1949 8357 2089 2553 4884
20 8607 9117 6640 9930 6410 9719 610 385 3439 9954 5603 7352 9780 9218 213 3180 5648 6466 4261 2602
15 8099 3171 8870 2263 2037 5026 7622 6850 5421 2764 8959 8784 3472 7996 6576
27 4049 2864 8170 6699 4442 2841 2468 9238 6446 1657 7202 4527 4782 2178 3284 5782 5720 1353 2697 6050 2521 5463 5891 9357 1162 2597 3081
30 2758 5798 1424 6595 487 9286 2168 6657 6566 2644 3830 4589 3086 2654 718 9029 1747 1280 1661 8254 6540 9197 6861 3890 2174 9641 6984 6831 3523 4620
36 9440 6819 2469 3396 1210 9322 2992 1414 5506 2728 9327 1039 3637 1215 3846 2314 7233 6147 8688 8370 7829 5692 6695 6875 8098 4558 6917 9813 2559 3940 4026 3979 637 6157 6806 3818
39 6975 4980 6992 4718 2058 6643 3420 1767 1676 9921 9839 7355 4002 2900 6811 2761 1598 4240 3571 8116 2029 9896 9846 9226 1987 4859 9496 4362 9348 8788 3614 9788 7107 5729 4643 6498 1665 6596 4087
36 5266 3902 3076 7708 5740 4870 7449 2135 7865 8349 1532 8623 6999 4147 4713 4551 1413 7515 2108 6617 9070 6957 6896 6468 3624 1501 5316 4042 77 6013 4811 7214 2291 8583 4037 8909
43 2652 6671 3339 3987 9785 6351 1133 236 3429 1871 6097 1852 3892 8505 3563 4092 1952 125 7702 5577 3961 6977 8519 1789 8947 3077 8930 9265 1843 7204 6986 2340 2383 3527 3015 8782 4532 9463 120 3957 2901 8805 8311
31 9284 5377 9039 1558 6520 3225 5670 1194 7046 1671 1163 5766 8538 5072 9430 9507 6376 8758 3327 3162 631 6132 1284 2398 20 6159 7002 578 4526 8887 519
38 175 3209 7574 5112 5658 5066 3318 2622 6244 2613 2846 525 5781 3298 4952 832 1352 9923 998 4934 2290 3293 9465 7208 2827 2861 5544 8287 2545 6103 8672 8241 516 9164 7852 6235 9643 85
35 152 1942 271 4824 2860 5182 7668 9989 3871 8528 2919 4363 872 2699 3010 178 6904 492 2245 4706 4742 6394 8397 6034 5172 7339 3586 105 8100 8195 9869 8151 1738 1235 8009
30 6933 8698 1191 9591 5898 7253 3295 5829 7667 9329 308 674 7660 9220 6015 392 976 1729 4253 7452 4624 9977 7868 1594 7544 5907 624 4422 5470 4300
34 4467 3482 3575 1590 9735 1448 785 3332 4858 883 3984 980 2763 2052 3635 6484 1885 1726 3853 7836 5205 7476 3776 723 5085 4907 3208 652 641 6798 3072 3279 2668 9914
23 6808 8383 8919 7151 7147 1913 5218 6744 7847 1564 6997 8611 9311 339 4125 399 4381 3717 6573 3758 6737 4708 697
26 3611 2395 9721 6622 9599 0 8581 1603 4460 4168 5998 8231 7819 5145 8079 3977 7998 8174 517 8660 1015 8640 7294 8470 1868 6588
25 2922 724 5613 2330 5345 3855 3907 5102 2782 5742 5176 7597 4272 360 4019 8734 2720 1650 4776 1114 633 8310 1623 6853 9911
15 4466 2506 4834 504 1677 630 4642 6793 7483 3340 3330 3603 2948 5428 2740
38 13 4671 1712 477 9636 1390 1604 5368 4457 4736 1692 2078 5064 3488 7388 2657 5152 5767 3250 418 4310 8684 9085 4972 9271 579 3561 4121 5225 6260 2721 621 574 1540 1559 265 3048 6014
32 5673 1750 6286 1821 9289 5976 9760 5309 5289 3629 4090 4862 2006 8175 7081 324 5415 9518 8825 136 269 2374 7480 7376 7524 3588 4688 8164 5650 8891 8307 7641
13 3423 1359 5209 4067 6509 8933 9395 2470 4885 615 7305 8047 7500
14 78 6720 2650 3577 8045 197 2269 2170 2904 8585 6947 518 6537 9700
28 1753 8406 552 7929 4933 8991 5167 8577 8154 3215 1507 7924 5662 2692 2327 7292 5246 9105 5776 8084 5812 5549 4600 9438 5551 1791 7907 470
23 2139 5645 7175 3534 2195 5082 7488 8756 250 5312 6331 1259 9281 8967 5828 858 3102 8667 5825 3395 6923 885 3521
33 3190 4989 5069 4068 1822 3764 2401 4903 8201 9892 1707 5301 5530 1228 9952 8801 1489 6716 557 99 5622 2110 2070 6476 6199 6333 7 5684 9013 8965 6317 6251 9805
22 3815 4066 3772 8356 5461 2253 3164 9391 5396 4857 4658 3415 6337 568 8550 8031 64 8804 4604 9516 165 7669
27 9822 3236 2698 8177 5511 5086 7773 8711 4597 2774 5253 5369 7304 6989 6287 2020 4410 1314 3461 6462 494 8210 4103 5498 7732 549 6870
36 8044 7297 1196 9492 7922 1442 2212 5 3917 4938 7024 9889 6510 5691 7739 4669 6539 9387 7889 5272 1955 8817 1356 2621 2503 8852 6688 6745 2567 2105 4352 5432 4897 7718 4184 1289
39 746 352 9942 5886 1860 2769 8500 9456 3777 135 9562 868 9092 4430 430 5909 5716 5114 6629 8529 4054 2886 608 3485 4854 3933 6116 4210 3995 9523 2927 7770 9099 677 8024 561 764 503 3876
11 5777 3856 2813 5815 9129 462 7180 1276 3272 8920 4205
30 2600 1330 6402 3763 9967 238 9504 3651 420 3069 5856 9368 3553 2389 9414 6044 4761 2527 1272 4534 9017 9337 8795 9578 5607 7594 9602 7857 441 455
12 2452 7984 9756 7244 3762 4985 6471 2617 5957 842 1806 3466
32 8980 8394 8227 9408 3623 8834 1151 4465 8042 373 4564 911 8435 3251 2204 585 7757 6223 7834 8321 7628 875 1112 1374 3909 843 4274 3931 3381 2016 8194 5517
36 9601 1415 8927 5113 2526 1220 9462 7412 7670 5440 2705 6386 4343 5075 3514 5373 8129 9209 5001 6288 7027 992 4330 3935 9684 2421 1005 5091 1254 717 5937 6673 7371 8412 2296 8465
35 7318 2765 8386 1776 220 164 3040 2310 2542 7876 2426 6585 7884 1103 9707 361 5627 1906 4162 6527 2665 8822 4007 317 7687 1718 5294 6660 4437 5667 9094 3633 8683 8114 7887
37 691 4501 846 5771 7329 1862 171 5671 1865 5875 2541 5496 3176 5068 9812 8294 1319 1934 4583 2165 2560 8348 8908 3409 5199 7425 326 176 6372 6108 4342 9657 4790 3226 3285 7187 2894
24 2586 8468 416 2205 1417 9751 3380 5610 4795 36 8262 3166 6138 9857 7282 6085 7846 5755 8658 448 5736 6955 4605 8694
24 3425 8948 330 928 7230 6790 6681 7158 5619 7915 8040 7743 9970 7275 5083 664 8355 9122 112 414 3824 6528 3428 7599
23 2209 476 8971 5031 1608 466 4017 4864 2835 5509 1401 3747 3115 6290 9036 8556 9022 4746 2478 7858 7677 7789 6441
17 8546 1614 3707 1787 2346 1888 2039 4559 2068 1557 9007 2686 245 3897 7546 4406 2690
21 5354 6062 9747 7084 8162 9183 6874 4370 7812 1837 8808 4101 8931 331 8140 3684 4434 3567 8196 6938 9730
26 1599 5532 8781 1675 5125 1174 8876 8289 9056 5350 9332 2184 2818 3778 8436 4633 8475 6611 6403 1156 3088 4826 8 3097 4029 880
29 1938 5855 837 2218 941 3625 8025 3303 5833 5786 2034 7803 461 478 1656 2460 7504 9843 7311 1018 5180 2953 8637 2514 5849 3161 4556 9296 9827
20 8858 6980 8977 3149 8083 1451 2225 3458 3799 6343 8259 3718 8856 7945 9225 6501 8902 8777 4840 3522
38 993 8366 8481 3682 5705 3836 8178 5433 6205 4785 6069 4728 2643 3839 1701 9207 7692 4148 8190 6802 4780 6417 6775 6788 9199 5979 9373 9905 2250 6713 4271 253 4695 145 9100 5204 1637 6575
26 7995 596 2152 1715 4082 9831 8913 6359 4185 565 3362 5327 5869 1744 5015 1636 4373 6350 7155 3805 7410 4429 2985 966 5240 531
34 7136 1377 8678 9470 8875 9899 4053 9494 8831 6547 3802 1317 1431 1754 4344 2981 9716 8276 3928 538 2118 4719 1357 6109 6281 8985 9924 4961 8712 6269 7608 9802 3748 9895
16 2265 5474 9067 38 3795 3895 4596 7447 8800 1940 6349 1534 5710 3165 8179 6906
32 1574 4765 4650 6620 879 4639 9356 6112 4315 3715 3487 8652 6574 9453 5758 9119 5539 9653 7225 3089 6558 5623 3980 7892 4510 1287 9347 24 2814 3918 2406 7364
35 2772 8540 4195 2053 8111 760 8249 8469 7816 4443 7377 8899 6829 6945 512 3211 7778 5242 3790 8199 1043 5469 2455 8474 7658 8243 8203 3930 7050 617 8744 2213 4419 6164 4329
29 8653 9441 16 9273 1241 3411 740 3035 2986 2412 3174 1262 2413 2342 8713 6607 6736 1379 9269 6662 5452 7252 1974 9953 5173 1958 1975 390 8928
39 9151 9890 9166 4214 5349 7769 6868 2435 1354 4577 5297 2122 4906 3368 8864 1494 6742 9668 7909 2445 6724 3378 4086 1101 5094 7057 3413 9486 18 6569 7453 8994 6181 1967 3958 3826 3913 1177 4131
26 5046 9446 8654 5206 4327 3306 7116 8697 4278 3573 9380 7340 9287 6006 5477 7196 8867 6619 4360 7705 9030 4592 8062 6680 6625 973
29 6891 3361 2876 8282 5400 6255 8239 7227 2937 465 1189 5311 2780 1796 4074 6208 5299 1456 4051 2411 2307 759 8419 847 776 5414 1617 735 4993
30 8090 7606 4166 810 1976 5534 2747 2339 6746 7910 3486 8828 1193 3229 7950 353 2276 198 6544 6433 5409 4255 6077 9633 3959 5256 2349 3334 5320 4964
34 660 4260 7439 2228 6407 404 2499 6550 6666 6252 2610 4379 683 1914 6175 4080 6492 8333 6249 7133 6247 3964 6165 7391 37 6339 2498 439 8792 7470 3872 655 6121 7492
23 138 3179 2 3264 6275 5680 1639 4828 6215 3654 6630 3398 559 3525 1736 7438 2667 65 4590 9971 1522 3570 3399
23 1711 8246 8657 7173 7481 9621 8074 1217 5166 43 3647 5821 313 6171 3507 6213 2944 5379 2741 9292 9734 5056 7353
24 9159 6956 4805 9974 408 8410 4969 4454 4640 5293 1516 8089 6814 2066 6429 9694 2893 6072 9852 3638 2208 495 7446 2493
35 1965 4796 3630 9251 1964 6677 4867 5796 2838 7472 1389 3356 7247 3585 8601 6134 7898 6353 7231 3569 8692 3296 4013 6254 6661 7306 7644 1815 6002 5231 4197 5960 7322 2007 4275
28 7883 7216 9635 2693 2701 1794 6551 3854 2021 5168 9270 2802 1493 1838 7044 5479 52 5399 307 5636 9396 8021 6855 5543 9358 1345 5284 9982
31 9111 7794 4794 3051 6973 738 2301 964 1012 2289 1555 472 5601 881 5198 9185 914 2185 3662 8960 3891 1931 6827 913 945 1814 1208 8484 5948 7460 4659
27 9392 4808 7894 1325 7992 4408 4093 3479 4472 1420 8004 8944 2030 39 3923 8279 8982 8217 5389 355 591 3475 7814 6196 5922 4296 9620
30 7849 1038 1704 667 7295 4156 6262 35 9571 9851 9870 110 59 7122 3631 5137 709 4382 8015 5220 9588 388 2043 255 1950 6900 657 8030 9399 6489
24 6340 8184 9589 8850 4607 5308 6016 1076 6395 87 6268 5906 8437 529 345 9279 1530 1511 5013 7181 2726 8496 7507 1154
30 6791 3765 3333 968 2141 5949 4567 8958 6369 2266 9338 8668 4657 644 7370 1459 6176 2171 2939 4317 7033 3960 4305 4399 3394 2361 6101 3947 4468 9741
20 5147 2396 9515 4391 2101 899 3669 9880 8641 1007 2097 7071 8815 133 2534 4016 5087 4220 9210 7220
33 6261 4852 9868 5966 4896 7575 2137 4252 2154 3297 5457 8182 4921 1320 3175 5214 6530 4492 2047 1720 1252 1273 5494 4920 1381 1232 8127 5120 9557 9353 4479 3188 7820
35 3256 6154 5889 7689 3476 432 4144 6844 970 8679 261 1089 6185 4497 6224 1085 3771 9261 7363 2872 1173 904 5989 444 2420 4023 7241 4554 6118 7451 1658 9403 8479 9255 647
34 4322 726 6151 4917 6177 8937 1238 5053 4174 9919 3431 8189 2033 1467 1771 6502 4112 8972 1161 9647 9144 1400 6383 4022 3200 2751 2962 7463 3274 2544 3030 3868 2565 3517
29 4611 8372 4949 6425 1531 3618 896 8714 9773 1282 7598 4745 5769 2009 4204 5533 741 2833 1406 3054 2372 2475 6078 2227 923 8997 2543 5250 4409
34 2091 9288 5583 2933 2746 6027 4298 5390 7390 1872 5592 3273 6310 3095 4986 7557 984 6119 9169 7563 5139 7372 4041 4537 821 7440 4407 7542 9320 6303 8374 1533 9838 4821
25 9321 7511 8969 598 2145 9816 7957 6049 7359 9182 4194 4900 6847 9545 5292 9655 249 2632 3889 3920 611 9513 1073 244 3666
35 4974 6770 1956 8400 5566 397 7201 7896 2247 8642 363 7536 3407 5488 7949 337 2251 758 9066 2447 4404 4853 279 3365 2486 3578 7287 240 9474 6776 4268 3580 8964 5707 6627
34 8103 7427 9213 4543 5136 5483 2930 4314 4387 1127 7009 8665 5093 1504 4340 7673 4094 1216 5431 272 6019 242 1586 1443 5158 2261 7396 1798 3207 1369 5257 7806 2157 75
24 1579 6897 5245 8513 9242 5188 3348 6538 1620 2087 2988 2596 7826 3900 1438 7250 9849 5575 2491 4297 5344 4913 4594 592
18 4172 2335 6778 5115 2573 229 1283 6779 745 2744 4521 4263 5403 569 7267 4100 8048 8385
31 6424 9696 8183 2785 2557 1100 9139 605 4030 2450 3212 6715 7257 7000 4814 7733 8034 8571 3142 9009 4626 9048 2074 2392 826 396 2616 6271 3901 5988 1648
21 666 350 2570 9454 4175 5478 6427 8911 4193 4031 4958 4140 618 4704 840 7089 7764 5635 6898 7134 5885
34 5254 2648 766 5197 665 1809 3716 8681 3300 9310 5793 567 8426 4617 604 981 2889 2111 6628 5393 8973 9644 5563 129 5449 5785 714 8219 4995 4890 4962 5991 4978 960
32 3187 4170 9646 1772 3954 3557 1588 9583 1306 5071 1435 7771 8842 8675 7725 96 6991 6621 4763 9521 3749 8430 3022 6751 9069 2275 5526 3101 6189 9015 2217 7264
16 9194 8835 4944 7982 8063 294 1441 2920 209 106 3234 7651 8391 1460 7596 4295
17 9168 4392 3701 4535 5826 7845 6292 3242 1342 4724 8627 7664 2928 67 5024 2463 8384
34 9888 534 8740 1700 9754 9708 8634 2745 6971 2624 4856 7284 6552 8855 5451 9501 1905 9276 5884 5816 1286 6035 5625 707 4593 4615 6704 5430 587 4998 5050 2957 4690 722
32 1030 5941 1816 2715 3442 4655 8266 9975 3745 200 5704 2513 8755 7404 8137 3753 6226 4538 1858 1265 2402 454 3965 4932 9610 6289 5342 4020 7738 2737 4257 1363
19 8033 9543 90 6363 9384 3323 2280 83 2153 9250 5664 9487 7003 3945 9532 7874 1755 8467 506
26 7179 4994 5244 813 7061 5303 5223 3724 1120 3989 1104 8214 6813 3094 2576 9390 4836 4842 6307 7403 5203 8719 8789 9637 4369 4138
33 2851 5307 6221 1944 1028 3532 893 4201 1045 5063 2743 9002 8621 5695 9483 8497 6400 1652 4786 2127 6514 7530 6679 459 7602 196 4346 7261 9383 1211 2810 2480 3227
36 3875 3384 7704 3937 8624 3 6005 5783 8257 9415 8783 9178 1290 9689 310 6601 9902 1517 2581 1977 6962 1578 6064 7827 9061 6239 4326 8527 4337 415 6988 9723 1697 7399 2719 1635
22 4182 625 6347 1491 7752 8273 1985 7614 3495 4109 3499 803 1008 2196 4075 7987 1277 1786 5882 940 1446 7417
38 4764 4922 7946 9568 1410 6876 1994 6616 9107 2680 6515 5366 8573 5404 2825 7288 231 8490 7172 775 9103 1523 7624 3012 5321 3862 6840 9433 7019 4631 7411 467 2789 2969 4965 5836 4539 7234
25 7584 8205 5213 8957 7927 290 9376 7037 5411 8639 729 1552 713 1169 613 8495 4861 944 6070 2875 1297 3163 6248 8360 9607
33 4141 7096 1818 5580 9406 5315 111 7135 5175 7863 1214 2004 3807 9008 9935 9823 5880 1763 8921 508 4159 5893 5743 2377 7301 7512 6141 5864 6311 7817 2786 6546 7722
39 2672 3782 1339 2604 5632 780 5416 9915 6618 4137 4809 4145 5502 5490 4544 3490 3131 6368 3136 673 6741 4365 6841 1927 9427 7189 3222 3178 3230 1129 7486 640 79 453 5678 1678 2215 6055 5211
31 389 2563 2005 2399 6030 7742 4227 7286 6519 3528 2433 1609 1082 878 9983 8691 428 3061 3723 4902 8999 8900 7943 774 3282 1476 4324 9789 5719 9886 2829
38 8453 3505 3460 7394 3099 9397 6348 5210 7087 1009 4395 141 5343 1118 2647 778 3834 7043 1963 6448 5737 8028 9776 2702 9294 864 4233 162 1529 1318 7734 4646 3988 990 7900 9573 224 124
32 8097 528 5942 4717 2144 4739 7423 76 2878 6010 1829 4829 3152 9876 3213 7630 5174 5422 500 1748 672 4211 1200 9402 9950 149 8306 6356 6447 1655 9731 9138
17 9014 6084 7853 6170 649 8156 9946 1510 6071 8738 6926 4155 8606 2626 3547 9774 7697
30 9180 395 3628 2442 1205 5310 8790 2337 1064 4157 3888 1783 2951 650 9706 1823 3736 4675 1155 9631 5657 7342 2093 9863 2907 9444 5897 4712 2611 5255
24 4189 1595 2554 1670 1148 1499 9076 8549 7176 2375 5376 8235 588 9597 5047 8405 3864 2729 8802 2046 5936 9535 9003 1136 