6 167 253 45 292 43 233
1 116
6 54 259 261 98 115 297
3 216 7 223
4 0 75 227 19
4 0 134 58 39
4 0 148 157 118
6 0 24 138 104 186 84
5 0 260 107 98 228
3 180 127 61
3 212 260 60
5 168 75 95 156 277
4 275 294 18 12
7 34 259 263 21 289 206 52
3 41 294 171
1 87
6 85 148 243 106 126 208
2 85 210
3 85 218 44
6 184 214 170 196 189 175
6 296 148 112 215 143 9
4 296 13 250 176
4 296 136 10 154
3 296 290 182
6 296 290 67 251 208 274
4 296 290 252 69
5 296 193 10 152 1
4 296 273 59 233
5 296 156 244 158 237
2 296 129
10 249 299 92 105 284 68 140 35 66 270
2 249 211
4 88 161 112 229
6 108 111 25 264 142 97
2 164 298
2 99 129
1 110
3 80 136 131
5 103 258 98 30 247
2 8 39
7 72 197 90 5 51 71 1
2 4 223
2 162 223
2 159 20
1 246
1 286
6 203 89 190 124 141 47
3 203 89 81
4 276 16 280 94
4 133 273 59 123
8 133 125 73 93 16 155 37 257
1 220
2 62 109
1 137
3 285 230 49
3 150 106 194
8 15 113 239 3 195 5 242 17
3 15 224 146
6 15 174 207 196 153 130
6 225 82 160 283 256 77
3 144 281 146
4 74 160 201 154
2 187 222
6 56 198 91 256 278 2
6 38 14 160 101 78 84
5 213 236 114 287 255
2 213 86
4 63 50 6 266
1 57
7 267 214 82 70 199 78 151
6 200 121 191 25 112 182
1 245
6 79 174 122 27 205 176
3 79 172 178
3 226 50 177
1 232
6 166 248 155 231 135 169
2 188 202
4 96 23 76 139
3 53 121 22
2 282 131
3 282 83 238
6 32 64 117 119 265 272
2 102 268
1 29
1 28
4 128 269 219 192
5 40 26 205 206 183
6 241 111 205 55 100 293
5 241 163 235 181 145
4 204 73 201 12
4 204 48 138 31
6 217 209 101 196 71 149
6 217 163 147 141 46 173
7 185 48 291 55 288 240 132
2 271 237
6 271 10 265 120 94 165
3 254 112 262
4 295 42 106 279
3 11 6 266 