7 267 214 163 90 124 242 272
6 213 190 205 59 233 173
2 85 148
3 284 209 81
1 116
5 23 119 51 71 123
3 99 273 30
5 253 93 46 153 130
2 64 237
3 128 155 262
3 108 76 139
4 197 235 219 192
3 38 121 61
2 166 182
3 188 157 109
1 57
2 15 129
9 216 134 218 44 32 122 117 104 186
1 4
6 261 207 35 100 37 247
2 164 131
6 160 101 196 252 240 149
6 225 3 292 43 69 132
1 276
2 73 283
3 187 281 146
3 79 174 222
6 144 68 6 250 231 257
1 232
4 217 158 94 165
2 184 277
4 204 291 115 49
3 92 14 118
3 114 138 31
7 258 70 199 55 288 135 169
5 111 248 141 143 77
1 162
5 200 224 244 27 78
1 226
3 180 260 171
2 259 151
3 8 193 17
3 74 16 297
3 295 280 84
2 40 26
4 249 95 156 29
2 212 60
6 102 170 67 251 208 2
2 285 230
2 88 161
1 22
2 103 147
3 56 198 39
1 245
3 241 287 238
1 19
4 54 13 45 154
1 63
1 268
3 96 181 176
1 137
1 150
2 107 91
3 191 106 126
1 42
1 87
4 133 227 239 177
2 159 9
1 269
3 275 127 266
5 167 10 265 120 211
6 34 75 58 125 83 12
3 11 5 255
2 296 24
1 28
1 172
1 210
6 53 82 98 152 1 183
2 185 223
3 168 72 20
1 298
3 80 136 47
1 220
2 254 194
1 286
3 62 105 202
7 41 294 18 66 279 189 274
1 86
5 89 25 145 206 52
3 271 264 293
2 243 228
2 48 178
2 282 270
4 236 112 142 97
2 0 7
1 110
8 299 290 113 50 140 215 229 175
1 246
6 203 195 201 289 256 278
2 263 21 